The system is: Linux - 3.10.104-1.el6.elrepo.x86_64 - x86_64
Compiling the C compiler identification source file "CMakeCCompilerId.c" succeeded.
Compiler: /data/apps/mpi/openmpi-1.8.3/gcc/4.8.2/bin/mpicc 
Build flags: 
Id flags: 

The output was:
0


Compilation of the C compiler identification source "CMakeCCompilerId.c" produced "a.out"

The C compiler identification is GNU, found in "/data/users/adasarat/FaceDetectionGPU/FaceDetectionGPU/CMakeFiles/2.8.12.2/CompilerIdC/a.out"

Compiling the CXX compiler identification source file "CMakeCXXCompilerId.cpp" succeeded.
Compiler: /data/apps/mpi/openmpi-1.8.3/gcc/4.8.2/bin/mpiCC 
Build flags: 
Id flags: 

The output was:
0


Compilation of the CXX compiler identification source "CMakeCXXCompilerId.cpp" produced "a.out"

The CXX compiler identification is GNU, found in "/data/users/adasarat/FaceDetectionGPU/FaceDetectionGPU/CMakeFiles/2.8.12.2/CompilerIdCXX/a.out"

Determining if the C compiler works passed with the following output:
Change Dir: /data/users/adasarat/FaceDetectionGPU/FaceDetectionGPU/CMakeFiles/CMakeTmp

Run Build Command:/usr/bin/gmake "cmTryCompileExec3372693759/fast"
/usr/bin/gmake -f CMakeFiles/cmTryCompileExec3372693759.dir/build.make CMakeFiles/cmTryCompileExec3372693759.dir/build
gmake[1]: Entering directory `/data/users/adasarat/FaceDetectionGPU/FaceDetectionGPU/CMakeFiles/CMakeTmp'
/usr/bin/cmake -E cmake_progress_report /data/users/adasarat/FaceDetectionGPU/FaceDetectionGPU/CMakeFiles/CMakeTmp/CMakeFiles 1
Building C object CMakeFiles/cmTryCompileExec3372693759.dir/testCCompiler.c.o
/data/apps/mpi/openmpi-1.8.3/gcc/4.8.2/bin/mpicc    -o CMakeFiles/cmTryCompileExec3372693759.dir/testCCompiler.c.o   -c /data/users/adasarat/FaceDetectionGPU/FaceDetectionGPU/CMakeFiles/CMakeTmp/testCCompiler.c
Linking C executable cmTryCompileExec3372693759
/usr/bin/cmake -E cmake_link_script CMakeFiles/cmTryCompileExec3372693759.dir/link.txt --verbose=1
/data/apps/mpi/openmpi-1.8.3/gcc/4.8.2/bin/mpicc      -L/data/apps/mpi/openmpi-1.8.3/gcc/4.8.2/lib -L/data/apps/gcc/4.8.2/lib64 -L/data/apps/gcc/4.8.2/lib CMakeFiles/cmTryCompileExec3372693759.dir/testCCompiler.c.o  -o cmTryCompileExec3372693759 -rdynamic 
gmake[1]: Leaving directory `/data/users/adasarat/FaceDetectionGPU/FaceDetectionGPU/CMakeFiles/CMakeTmp'


Detecting C compiler ABI info compiled with the following output:
Change Dir: /data/users/adasarat/FaceDetectionGPU/FaceDetectionGPU/CMakeFiles/CMakeTmp

Run Build Command:/usr/bin/gmake "cmTryCompileExec2771788635/fast"
/usr/bin/gmake -f CMakeFiles/cmTryCompileExec2771788635.dir/build.make CMakeFiles/cmTryCompileExec2771788635.dir/build
gmake[1]: Entering directory `/data/users/adasarat/FaceDetectionGPU/FaceDetectionGPU/CMakeFiles/CMakeTmp'
/usr/bin/cmake -E cmake_progress_report /data/users/adasarat/FaceDetectionGPU/FaceDetectionGPU/CMakeFiles/CMakeTmp/CMakeFiles 1
Building C object CMakeFiles/cmTryCompileExec2771788635.dir/CMakeCCompilerABI.c.o
/data/apps/mpi/openmpi-1.8.3/gcc/4.8.2/bin/mpicc    -o CMakeFiles/cmTryCompileExec2771788635.dir/CMakeCCompilerABI.c.o   -c /usr/share/cmake/Modules/CMakeCCompilerABI.c
Linking C executable cmTryCompileExec2771788635
/usr/bin/cmake -E cmake_link_script CMakeFiles/cmTryCompileExec2771788635.dir/link.txt --verbose=1
/data/apps/mpi/openmpi-1.8.3/gcc/4.8.2/bin/mpicc     -v CMakeFiles/cmTryCompileExec2771788635.dir/CMakeCCompilerABI.c.o  -o cmTryCompileExec2771788635 -rdynamic  
Using built-in specs.
COLLECT_GCC=/data/apps/gcc/4.8.2/bin/gcc
COLLECT_LTO_WRAPPER=/data/apps/gcc/4.8.2/libexec/gcc/x86_64-unknown-linux-gnu/4.8.2/lto-wrapper
Target: x86_64-unknown-linux-gnu
Configured with: ./configure --with-gmp=/data/apps/gmp/5.1.3 --with-mpfr=/data/apps/mpfr/3.1.2 --with-mpc=/data/apps/mpc-1.0.1 --enable-threads=posix --with-as=/data/apps/binutils/2.23.2/bin/as --mandir=/data/apps/gcc/4.8.2/man --pdfdir=/data/apps/gcc/4.8.2/pdf --htmldir=/data/apps/gcc/4.8.2/html --enable-languages=c,c++,fortran,ada,go,java,lto,objc,obj-c++ --prefix=/data/apps/gcc/4.8.2
Thread model: posix
gcc version 4.8.2 (GCC) 
COMPILER_PATH=/data/apps/gcc/4.8.2/libexec/gcc/x86_64-unknown-linux-gnu/4.8.2/:/data/apps/gcc/4.8.2/libexec/gcc/x86_64-unknown-linux-gnu/4.8.2/:/data/apps/gcc/4.8.2/libexec/gcc/x86_64-unknown-linux-gnu/:/data/apps/gcc/4.8.2/lib/gcc/x86_64-unknown-linux-gnu/4.8.2/:/data/apps/gcc/4.8.2/lib/gcc/x86_64-unknown-linux-gnu/
LIBRARY_PATH=/data/apps/gcc/4.8.2/lib/gcc/x86_64-unknown-linux-gnu/4.8.2/:/data/apps/gcc/4.8.2/lib/gcc/x86_64-unknown-linux-gnu/4.8.2/../../../../lib64/:/lib/../lib64/:/usr/lib/../lib64/:/data/apps/gcc/4.8.2/lib/gcc/x86_64-unknown-linux-gnu/4.8.2/../../../:/lib/:/usr/lib/
COLLECT_GCC_OPTIONS='-v' '-o' 'cmTryCompileExec2771788635' '-rdynamic' '-I' '/data/apps/mpi/openmpi-1.8.3/gcc/4.8.2/include' '-pthread' '-L/data/apps/mpi/openmpi-1.8.3/gcc/4.8.2/lib' '-mtune=generic' '-march=x86-64'
 /data/apps/gcc/4.8.2/libexec/gcc/x86_64-unknown-linux-gnu/4.8.2/collect2 --eh-frame-hdr -m elf_x86_64 -export-dynamic -dynamic-linker /lib64/ld-linux-x86-64.so.2 -o cmTryCompileExec2771788635 /usr/lib/../lib64/crt1.o /usr/lib/../lib64/crti.o /data/apps/gcc/4.8.2/lib/gcc/x86_64-unknown-linux-gnu/4.8.2/crtbegin.o -L/data/apps/mpi/openmpi-1.8.3/gcc/4.8.2/lib -L/data/apps/gcc/4.8.2/lib/gcc/x86_64-unknown-linux-gnu/4.8.2 -L/data/apps/gcc/4.8.2/lib/gcc/x86_64-unknown-linux-gnu/4.8.2/../../../../lib64 -L/lib/../lib64 -L/usr/lib/../lib64 -L/data/apps/gcc/4.8.2/lib/gcc/x86_64-unknown-linux-gnu/4.8.2/../../.. CMakeFiles/cmTryCompileExec2771788635.dir/CMakeCCompilerABI.c.o -rpath /data/apps/mpi/openmpi-1.8.3/gcc/4.8.2/lib --enable-new-dtags -lmpi -lgcc --as-needed -lgcc_s --no-as-needed -lpthread -lc -lgcc --as-needed -lgcc_s --no-as-needed /data/apps/gcc/4.8.2/lib/gcc/x86_64-unknown-linux-gnu/4.8.2/crtend.o /usr/lib/../lib64/crtn.o
gmake[1]: Leaving directory `/data/users/adasarat/FaceDetectionGPU/FaceDetectionGPU/CMakeFiles/CMakeTmp'


Parsed C implicit link information from above output:
  link line regex: [^( *|.*[/\])(ld|([^/\]+-)?ld|collect2)[^/\]*( |$)]
  ignore line: [Change Dir: /data/users/adasarat/FaceDetectionGPU/FaceDetectionGPU/CMakeFiles/CMakeTmp]
  ignore line: []
  ignore line: [Run Build Command:/usr/bin/gmake "cmTryCompileExec2771788635/fast"]
  ignore line: [/usr/bin/gmake -f CMakeFiles/cmTryCompileExec2771788635.dir/build.make CMakeFiles/cmTryCompileExec2771788635.dir/build]
  ignore line: [gmake[1]: Entering directory `/data/users/adasarat/FaceDetectionGPU/FaceDetectionGPU/CMakeFiles/CMakeTmp']
  ignore line: [/usr/bin/cmake -E cmake_progress_report /data/users/adasarat/FaceDetectionGPU/FaceDetectionGPU/CMakeFiles/CMakeTmp/CMakeFiles 1]
  ignore line: [Building C object CMakeFiles/cmTryCompileExec2771788635.dir/CMakeCCompilerABI.c.o]
  ignore line: [/data/apps/mpi/openmpi-1.8.3/gcc/4.8.2/bin/mpicc    -o CMakeFiles/cmTryCompileExec2771788635.dir/CMakeCCompilerABI.c.o   -c /usr/share/cmake/Modules/CMakeCCompilerABI.c]
  ignore line: [Linking C executable cmTryCompileExec2771788635]
  ignore line: [/usr/bin/cmake -E cmake_link_script CMakeFiles/cmTryCompileExec2771788635.dir/link.txt --verbose=1]
  ignore line: [/data/apps/mpi/openmpi-1.8.3/gcc/4.8.2/bin/mpicc     -v CMakeFiles/cmTryCompileExec2771788635.dir/CMakeCCompilerABI.c.o  -o cmTryCompileExec2771788635 -rdynamic  ]
  ignore line: [Using built-in specs.]
  ignore line: [COLLECT_GCC=/data/apps/gcc/4.8.2/bin/gcc]
  ignore line: [COLLECT_LTO_WRAPPER=/data/apps/gcc/4.8.2/libexec/gcc/x86_64-unknown-linux-gnu/4.8.2/lto-wrapper]
  ignore line: [Target: x86_64-unknown-linux-gnu]
  ignore line: [Configured with: ./configure --with-gmp=/data/apps/gmp/5.1.3 --with-mpfr=/data/apps/mpfr/3.1.2 --with-mpc=/data/apps/mpc-1.0.1 --enable-threads=posix --with-as=/data/apps/binutils/2.23.2/bin/as --mandir=/data/apps/gcc/4.8.2/man --pdfdir=/data/apps/gcc/4.8.2/pdf --htmldir=/data/apps/gcc/4.8.2/html --enable-languages=c,c++,fortran,ada,go,java,lto,objc,obj-c++ --prefix=/data/apps/gcc/4.8.2]
  ignore line: [Thread model: posix]
  ignore line: [gcc version 4.8.2 (GCC) ]
  ignore line: [COMPILER_PATH=/data/apps/gcc/4.8.2/libexec/gcc/x86_64-unknown-linux-gnu/4.8.2/:/data/apps/gcc/4.8.2/libexec/gcc/x86_64-unknown-linux-gnu/4.8.2/:/data/apps/gcc/4.8.2/libexec/gcc/x86_64-unknown-linux-gnu/:/data/apps/gcc/4.8.2/lib/gcc/x86_64-unknown-linux-gnu/4.8.2/:/data/apps/gcc/4.8.2/lib/gcc/x86_64-unknown-linux-gnu/]
  ignore line: [LIBRARY_PATH=/data/apps/gcc/4.8.2/lib/gcc/x86_64-unknown-linux-gnu/4.8.2/:/data/apps/gcc/4.8.2/lib/gcc/x86_64-unknown-linux-gnu/4.8.2/../../../../lib64/:/lib/../lib64/:/usr/lib/../lib64/:/data/apps/gcc/4.8.2/lib/gcc/x86_64-unknown-linux-gnu/4.8.2/../../../:/lib/:/usr/lib/]
  ignore line: [COLLECT_GCC_OPTIONS='-v' '-o' 'cmTryCompileExec2771788635' '-rdynamic' '-I' '/data/apps/mpi/openmpi-1.8.3/gcc/4.8.2/include' '-pthread' '-L/data/apps/mpi/openmpi-1.8.3/gcc/4.8.2/lib' '-mtune=generic' '-march=x86-64']
  link line: [ /data/apps/gcc/4.8.2/libexec/gcc/x86_64-unknown-linux-gnu/4.8.2/collect2 --eh-frame-hdr -m elf_x86_64 -export-dynamic -dynamic-linker /lib64/ld-linux-x86-64.so.2 -o cmTryCompileExec2771788635 /usr/lib/../lib64/crt1.o /usr/lib/../lib64/crti.o /data/apps/gcc/4.8.2/lib/gcc/x86_64-unknown-linux-gnu/4.8.2/crtbegin.o -L/data/apps/mpi/openmpi-1.8.3/gcc/4.8.2/lib -L/data/apps/gcc/4.8.2/lib/gcc/x86_64-unknown-linux-gnu/4.8.2 -L/data/apps/gcc/4.8.2/lib/gcc/x86_64-unknown-linux-gnu/4.8.2/../../../../lib64 -L/lib/../lib64 -L/usr/lib/../lib64 -L/data/apps/gcc/4.8.2/lib/gcc/x86_64-unknown-linux-gnu/4.8.2/../../.. CMakeFiles/cmTryCompileExec2771788635.dir/CMakeCCompilerABI.c.o -rpath /data/apps/mpi/openmpi-1.8.3/gcc/4.8.2/lib --enable-new-dtags -lmpi -lgcc --as-needed -lgcc_s --no-as-needed -lpthread -lc -lgcc --as-needed -lgcc_s --no-as-needed /data/apps/gcc/4.8.2/lib/gcc/x86_64-unknown-linux-gnu/4.8.2/crtend.o /usr/lib/../lib64/crtn.o]
    arg [/data/apps/gcc/4.8.2/libexec/gcc/x86_64-unknown-linux-gnu/4.8.2/collect2] ==> ignore
    arg [--eh-frame-hdr] ==> ignore
    arg [-m] ==> ignore
    arg [elf_x86_64] ==> ignore
    arg [-export-dynamic] ==> ignore
    arg [-dynamic-linker] ==> ignore
    arg [/lib64/ld-linux-x86-64.so.2] ==> ignore
    arg [-o] ==> ignore
    arg [cmTryCompileExec2771788635] ==> ignore
    arg [/usr/lib/../lib64/crt1.o] ==> ignore
    arg [/usr/lib/../lib64/crti.o] ==> ignore
    arg [/data/apps/gcc/4.8.2/lib/gcc/x86_64-unknown-linux-gnu/4.8.2/crtbegin.o] ==> ignore
    arg [-L/data/apps/mpi/openmpi-1.8.3/gcc/4.8.2/lib] ==> dir [/data/apps/mpi/openmpi-1.8.3/gcc/4.8.2/lib]
    arg [-L/data/apps/gcc/4.8.2/lib/gcc/x86_64-unknown-linux-gnu/4.8.2] ==> dir [/data/apps/gcc/4.8.2/lib/gcc/x86_64-unknown-linux-gnu/4.8.2]
    arg [-L/data/apps/gcc/4.8.2/lib/gcc/x86_64-unknown-linux-gnu/4.8.2/../../../../lib64] ==> dir [/data/apps/gcc/4.8.2/lib/gcc/x86_64-unknown-linux-gnu/4.8.2/../../../../lib64]
    arg [-L/lib/../lib64] ==> dir [/lib/../lib64]
    arg [-L/usr/lib/../lib64] ==> dir [/usr/lib/../lib64]
    arg [-L/data/apps/gcc/4.8.2/lib/gcc/x86_64-unknown-linux-gnu/4.8.2/../../..] ==> dir [/data/apps/gcc/4.8.2/lib/gcc/x86_64-unknown-linux-gnu/4.8.2/../../..]
    arg [CMakeFiles/cmTryCompileExec2771788635.dir/CMakeCCompilerABI.c.o] ==> ignore
    arg [-rpath] ==> ignore
    arg [/data/apps/mpi/openmpi-1.8.3/gcc/4.8.2/lib] ==> ignore
    arg [--enable-new-dtags] ==> ignore
    arg [-lmpi] ==> lib [mpi]
    arg [-lgcc] ==> lib [gcc]
    arg [--as-needed] ==> ignore
    arg [-lgcc_s] ==> lib [gcc_s]
    arg [--no-as-needed] ==> ignore
    arg [-lpthread] ==> lib [pthread]
    arg [-lc] ==> lib [c]
    arg [-lgcc] ==> lib [gcc]
    arg [--as-needed] ==> ignore
    arg [-lgcc_s] ==> lib [gcc_s]
    arg [--no-as-needed] ==> ignore
    arg [/data/apps/gcc/4.8.2/lib/gcc/x86_64-unknown-linux-gnu/4.8.2/crtend.o] ==> ignore
    arg [/usr/lib/../lib64/crtn.o] ==> ignore
  remove lib [gcc]
  remove lib [gcc_s]
  remove lib [gcc]
  remove lib [gcc_s]
  collapse library dir [/data/apps/mpi/openmpi-1.8.3/gcc/4.8.2/lib] ==> [/data/apps/mpi/openmpi-1.8.3/gcc/4.8.2/lib]
  collapse library dir [/data/apps/gcc/4.8.2/lib/gcc/x86_64-unknown-linux-gnu/4.8.2] ==> [/data/apps/gcc/4.8.2/lib/gcc/x86_64-unknown-linux-gnu/4.8.2]
  collapse library dir [/data/apps/gcc/4.8.2/lib/gcc/x86_64-unknown-linux-gnu/4.8.2/../../../../lib64] ==> [/data/apps/gcc/4.8.2/lib64]
  collapse library dir [/lib/../lib64] ==> [/lib64]
  collapse library dir [/usr/lib/../lib64] ==> [/usr/lib64]
  collapse library dir [/data/apps/gcc/4.8.2/lib/gcc/x86_64-unknown-linux-gnu/4.8.2/../../..] ==> [/data/apps/gcc/4.8.2/lib]
  implicit libs: [mpi;pthread;c]
  implicit dirs: [/data/apps/mpi/openmpi-1.8.3/gcc/4.8.2/lib;/data/apps/gcc/4.8.2/lib/gcc/x86_64-unknown-linux-gnu/4.8.2;/data/apps/gcc/4.8.2/lib64;/lib64;/usr/lib64;/data/apps/gcc/4.8.2/lib]
  implicit fwks: []


Determining if the CXX compiler works passed with the following output:
Change Dir: /data/users/adasarat/FaceDetectionGPU/FaceDetectionGPU/CMakeFiles/CMakeTmp

Run Build Command:/usr/bin/gmake "cmTryCompileExec910288984/fast"
/usr/bin/gmake -f CMakeFiles/cmTryCompileExec910288984.dir/build.make CMakeFiles/cmTryCompileExec910288984.dir/build
gmake[1]: Entering directory `/data/users/adasarat/FaceDetectionGPU/FaceDetectionGPU/CMakeFiles/CMakeTmp'
/usr/bin/cmake -E cmake_progress_report /data/users/adasarat/FaceDetectionGPU/FaceDetectionGPU/CMakeFiles/CMakeTmp/CMakeFiles 1
Building CXX object CMakeFiles/cmTryCompileExec910288984.dir/testCXXCompiler.cxx.o
/data/apps/mpi/openmpi-1.8.3/gcc/4.8.2/bin/mpiCC     -o CMakeFiles/cmTryCompileExec910288984.dir/testCXXCompiler.cxx.o -c /data/users/adasarat/FaceDetectionGPU/FaceDetectionGPU/CMakeFiles/CMakeTmp/testCXXCompiler.cxx
Linking CXX executable cmTryCompileExec910288984
/usr/bin/cmake -E cmake_link_script CMakeFiles/cmTryCompileExec910288984.dir/link.txt --verbose=1
/data/apps/mpi/openmpi-1.8.3/gcc/4.8.2/bin/mpiCC       -L/data/apps/mpi/openmpi-1.8.3/gcc/4.8.2/lib -L/data/apps/gcc/4.8.2/lib64 -L/data/apps/gcc/4.8.2/lib CMakeFiles/cmTryCompileExec910288984.dir/testCXXCompiler.cxx.o  -o cmTryCompileExec910288984 -rdynamic 
gmake[1]: Leaving directory `/data/users/adasarat/FaceDetectionGPU/FaceDetectionGPU/CMakeFiles/CMakeTmp'


Detecting CXX compiler ABI info compiled with the following output:
Change Dir: /data/users/adasarat/FaceDetectionGPU/FaceDetectionGPU/CMakeFiles/CMakeTmp

Run Build Command:/usr/bin/gmake "cmTryCompileExec1543106516/fast"
/usr/bin/gmake -f CMakeFiles/cmTryCompileExec1543106516.dir/build.make CMakeFiles/cmTryCompileExec1543106516.dir/build
gmake[1]: Entering directory `/data/users/adasarat/FaceDetectionGPU/FaceDetectionGPU/CMakeFiles/CMakeTmp'
/usr/bin/cmake -E cmake_progress_report /data/users/adasarat/FaceDetectionGPU/FaceDetectionGPU/CMakeFiles/CMakeTmp/CMakeFiles 1
Building CXX object CMakeFiles/cmTryCompileExec1543106516.dir/CMakeCXXCompilerABI.cpp.o
/data/apps/mpi/openmpi-1.8.3/gcc/4.8.2/bin/mpiCC     -o CMakeFiles/cmTryCompileExec1543106516.dir/CMakeCXXCompilerABI.cpp.o -c /usr/share/cmake/Modules/CMakeCXXCompilerABI.cpp
Linking CXX executable cmTryCompileExec1543106516
/usr/bin/cmake -E cmake_link_script CMakeFiles/cmTryCompileExec1543106516.dir/link.txt --verbose=1
/data/apps/mpi/openmpi-1.8.3/gcc/4.8.2/bin/mpiCC      -v CMakeFiles/cmTryCompileExec1543106516.dir/CMakeCXXCompilerABI.cpp.o  -o cmTryCompileExec1543106516 -rdynamic  
Using built-in specs.
COLLECT_GCC=/data/apps/gcc/4.8.2/bin/g++
COLLECT_LTO_WRAPPER=/data/apps/gcc/4.8.2/libexec/gcc/x86_64-unknown-linux-gnu/4.8.2/lto-wrapper
Target: x86_64-unknown-linux-gnu
Configured with: ./configure --with-gmp=/data/apps/gmp/5.1.3 --with-mpfr=/data/apps/mpfr/3.1.2 --with-mpc=/data/apps/mpc-1.0.1 --enable-threads=posix --with-as=/data/apps/binutils/2.23.2/bin/as --mandir=/data/apps/gcc/4.8.2/man --pdfdir=/data/apps/gcc/4.8.2/pdf --htmldir=/data/apps/gcc/4.8.2/html --enable-languages=c,c++,fortran,ada,go,java,lto,objc,obj-c++ --prefix=/data/apps/gcc/4.8.2
Thread model: posix
gcc version 4.8.2 (GCC) 
COMPILER_PATH=/data/apps/gcc/4.8.2/libexec/gcc/x86_64-unknown-linux-gnu/4.8.2/:/data/apps/gcc/4.8.2/libexec/gcc/x86_64-unknown-linux-gnu/4.8.2/:/data/apps/gcc/4.8.2/libexec/gcc/x86_64-unknown-linux-gnu/:/data/apps/gcc/4.8.2/lib/gcc/x86_64-unknown-linux-gnu/4.8.2/:/data/apps/gcc/4.8.2/lib/gcc/x86_64-unknown-linux-gnu/
LIBRARY_PATH=/data/apps/gcc/4.8.2/lib/gcc/x86_64-unknown-linux-gnu/4.8.2/:/data/apps/gcc/4.8.2/lib/gcc/x86_64-unknown-linux-gnu/4.8.2/../../../../lib64/:/lib/../lib64/:/usr/lib/../lib64/:/data/apps/gcc/4.8.2/lib/gcc/x86_64-unknown-linux-gnu/4.8.2/../../../:/lib/:/usr/lib/
COLLECT_GCC_OPTIONS='-v' '-o' 'cmTryCompileExec1543106516' '-rdynamic' '-I' '/data/apps/mpi/openmpi-1.8.3/gcc/4.8.2/include' '-pthread' '-L/data/apps/mpi/openmpi-1.8.3/gcc/4.8.2/lib' '-shared-libgcc' '-mtune=generic' '-march=x86-64'
 /data/apps/gcc/4.8.2/libexec/gcc/x86_64-unknown-linux-gnu/4.8.2/collect2 --eh-frame-hdr -m elf_x86_64 -export-dynamic -dynamic-linker /lib64/ld-linux-x86-64.so.2 -o cmTryCompileExec1543106516 /usr/lib/../lib64/crt1.o /usr/lib/../lib64/crti.o /data/apps/gcc/4.8.2/lib/gcc/x86_64-unknown-linux-gnu/4.8.2/crtbegin.o -L/data/apps/mpi/openmpi-1.8.3/gcc/4.8.2/lib -L/data/apps/gcc/4.8.2/lib/gcc/x86_64-unknown-linux-gnu/4.8.2 -L/data/apps/gcc/4.8.2/lib/gcc/x86_64-unknown-linux-gnu/4.8.2/../../../../lib64 -L/lib/../lib64 -L/usr/lib/../lib64 -L/data/apps/gcc/4.8.2/lib/gcc/x86_64-unknown-linux-gnu/4.8.2/../../.. CMakeFiles/cmTryCompileExec1543106516.dir/CMakeCXXCompilerABI.cpp.o -rpath /data/apps/mpi/openmpi-1.8.3/gcc/4.8.2/lib --enable-new-dtags -lmpi_cxx -lmpi -lstdc++ -lm -lgcc_s -lgcc -lpthread -lc -lgcc_s -lgcc /data/apps/gcc/4.8.2/lib/gcc/x86_64-unknown-linux-gnu/4.8.2/crtend.o /usr/lib/../lib64/crtn.o
gmake[1]: Leaving directory `/data/users/adasarat/FaceDetectionGPU/FaceDetectionGPU/CMakeFiles/CMakeTmp'


Parsed CXX implicit link information from above output:
  link line regex: [^( *|.*[/\])(ld|([^/\]+-)?ld|collect2)[^/\]*( |$)]
  ignore line: [Change Dir: /data/users/adasarat/FaceDetectionGPU/FaceDetectionGPU/CMakeFiles/CMakeTmp]
  ignore line: []
  ignore line: [Run Build Command:/usr/bin/gmake "cmTryCompileExec1543106516/fast"]
  ignore line: [/usr/bin/gmake -f CMakeFiles/cmTryCompileExec1543106516.dir/build.make CMakeFiles/cmTryCompileExec1543106516.dir/build]
  ignore line: [gmake[1]: Entering directory `/data/users/adasarat/FaceDetectionGPU/FaceDetectionGPU/CMakeFiles/CMakeTmp']
  ignore line: [/usr/bin/cmake -E cmake_progress_report /data/users/adasarat/FaceDetectionGPU/FaceDetectionGPU/CMakeFiles/CMakeTmp/CMakeFiles 1]
  ignore line: [Building CXX object CMakeFiles/cmTryCompileExec1543106516.dir/CMakeCXXCompilerABI.cpp.o]
  ignore line: [/data/apps/mpi/openmpi-1.8.3/gcc/4.8.2/bin/mpiCC     -o CMakeFiles/cmTryCompileExec1543106516.dir/CMakeCXXCompilerABI.cpp.o -c /usr/share/cmake/Modules/CMakeCXXCompilerABI.cpp]
  ignore line: [Linking CXX executable cmTryCompileExec1543106516]
  ignore line: [/usr/bin/cmake -E cmake_link_script CMakeFiles/cmTryCompileExec1543106516.dir/link.txt --verbose=1]
  ignore line: [/data/apps/mpi/openmpi-1.8.3/gcc/4.8.2/bin/mpiCC      -v CMakeFiles/cmTryCompileExec1543106516.dir/CMakeCXXCompilerABI.cpp.o  -o cmTryCompileExec1543106516 -rdynamic  ]
  ignore line: [Using built-in specs.]
  ignore line: [COLLECT_GCC=/data/apps/gcc/4.8.2/bin/g++]
  ignore line: [COLLECT_LTO_WRAPPER=/data/apps/gcc/4.8.2/libexec/gcc/x86_64-unknown-linux-gnu/4.8.2/lto-wrapper]
  ignore line: [Target: x86_64-unknown-linux-gnu]
  ignore line: [Configured with: ./configure --with-gmp=/data/apps/gmp/5.1.3 --with-mpfr=/data/apps/mpfr/3.1.2 --with-mpc=/data/apps/mpc-1.0.1 --enable-threads=posix --with-as=/data/apps/binutils/2.23.2/bin/as --mandir=/data/apps/gcc/4.8.2/man --pdfdir=/data/apps/gcc/4.8.2/pdf --htmldir=/data/apps/gcc/4.8.2/html --enable-languages=c,c++,fortran,ada,go,java,lto,objc,obj-c++ --prefix=/data/apps/gcc/4.8.2]
  ignore line: [Thread model: posix]
  ignore line: [gcc version 4.8.2 (GCC) ]
  ignore line: [COMPILER_PATH=/data/apps/gcc/4.8.2/libexec/gcc/x86_64-unknown-linux-gnu/4.8.2/:/data/apps/gcc/4.8.2/libexec/gcc/x86_64-unknown-linux-gnu/4.8.2/:/data/apps/gcc/4.8.2/libexec/gcc/x86_64-unknown-linux-gnu/:/data/apps/gcc/4.8.2/lib/gcc/x86_64-unknown-linux-gnu/4.8.2/:/data/apps/gcc/4.8.2/lib/gcc/x86_64-unknown-linux-gnu/]
  ignore line: [LIBRARY_PATH=/data/apps/gcc/4.8.2/lib/gcc/x86_64-unknown-linux-gnu/4.8.2/:/data/apps/gcc/4.8.2/lib/gcc/x86_64-unknown-linux-gnu/4.8.2/../../../../lib64/:/lib/../lib64/:/usr/lib/../lib64/:/data/apps/gcc/4.8.2/lib/gcc/x86_64-unknown-linux-gnu/4.8.2/../../../:/lib/:/usr/lib/]
  ignore line: [COLLECT_GCC_OPTIONS='-v' '-o' 'cmTryCompileExec1543106516' '-rdynamic' '-I' '/data/apps/mpi/openmpi-1.8.3/gcc/4.8.2/include' '-pthread' '-L/data/apps/mpi/openmpi-1.8.3/gcc/4.8.2/lib' '-shared-libgcc' '-mtune=generic' '-march=x86-64']
  link line: [ /data/apps/gcc/4.8.2/libexec/gcc/x86_64-unknown-linux-gnu/4.8.2/collect2 --eh-frame-hdr -m elf_x86_64 -export-dynamic -dynamic-linker /lib64/ld-linux-x86-64.so.2 -o cmTryCompileExec1543106516 /usr/lib/../lib64/crt1.o /usr/lib/../lib64/crti.o /data/apps/gcc/4.8.2/lib/gcc/x86_64-unknown-linux-gnu/4.8.2/crtbegin.o -L/data/apps/mpi/openmpi-1.8.3/gcc/4.8.2/lib -L/data/apps/gcc/4.8.2/lib/gcc/x86_64-unknown-linux-gnu/4.8.2 -L/data/apps/gcc/4.8.2/lib/gcc/x86_64-unknown-linux-gnu/4.8.2/../../../../lib64 -L/lib/../lib64 -L/usr/lib/../lib64 -L/data/apps/gcc/4.8.2/lib/gcc/x86_64-unknown-linux-gnu/4.8.2/../../.. CMakeFiles/cmTryCompileExec1543106516.dir/CMakeCXXCompilerABI.cpp.o -rpath /data/apps/mpi/openmpi-1.8.3/gcc/4.8.2/lib --enable-new-dtags -lmpi_cxx -lmpi -lstdc++ -lm -lgcc_s -lgcc -lpthread -lc -lgcc_s -lgcc /data/apps/gcc/4.8.2/lib/gcc/x86_64-unknown-linux-gnu/4.8.2/crtend.o /usr/lib/../lib64/crtn.o]
    arg [/data/apps/gcc/4.8.2/libexec/gcc/x86_64-unknown-linux-gnu/4.8.2/collect2] ==> ignore
    arg [--eh-frame-hdr] ==> ignore
    arg [-m] ==> ignore
    arg [elf_x86_64] ==> ignore
    arg [-export-dynamic] ==> ignore
    arg [-dynamic-linker] ==> ignore
    arg [/lib64/ld-linux-x86-64.so.2] ==> ignore
    arg [-o] ==> ignore
    arg [cmTryCompileExec1543106516] ==> ignore
    arg [/usr/lib/../lib64/crt1.o] ==> ignore
    arg [/usr/lib/../lib64/crti.o] ==> ignore
    arg [/data/apps/gcc/4.8.2/lib/gcc/x86_64-unknown-linux-gnu/4.8.2/crtbegin.o] ==> ignore
    arg [-L/data/apps/mpi/openmpi-1.8.3/gcc/4.8.2/lib] ==> dir [/data/apps/mpi/openmpi-1.8.3/gcc/4.8.2/lib]
    arg [-L/data/apps/gcc/4.8.2/lib/gcc/x86_64-unknown-linux-gnu/4.8.2] ==> dir [/data/apps/gcc/4.8.2/lib/gcc/x86_64-unknown-linux-gnu/4.8.2]
    arg [-L/data/apps/gcc/4.8.2/lib/gcc/x86_64-unknown-linux-gnu/4.8.2/../../../../lib64] ==> dir [/data/apps/gcc/4.8.2/lib/gcc/x86_64-unknown-linux-gnu/4.8.2/../../../../lib64]
    arg [-L/lib/../lib64] ==> dir [/lib/../lib64]
    arg [-L/usr/lib/../lib64] ==> dir [/usr/lib/../lib64]
    arg [-L/data/apps/gcc/4.8.2/lib/gcc/x86_64-unknown-linux-gnu/4.8.2/../../..] ==> dir [/data/apps/gcc/4.8.2/lib/gcc/x86_64-unknown-linux-gnu/4.8.2/../../..]
    arg [CMakeFiles/cmTryCompileExec1543106516.dir/CMakeCXXCompilerABI.cpp.o] ==> ignore
    arg [-rpath] ==> ignore
    arg [/data/apps/mpi/openmpi-1.8.3/gcc/4.8.2/lib] ==> ignore
    arg [--enable-new-dtags] ==> ignore
    arg [-lmpi_cxx] ==> lib [mpi_cxx]
    arg [-lmpi] ==> lib [mpi]
    arg [-lstdc++] ==> lib [stdc++]
    arg [-lm] ==> lib [m]
    arg [-lgcc_s] ==> lib [gcc_s]
    arg [-lgcc] ==> lib [gcc]
    arg [-lpthread] ==> lib [pthread]
    arg [-lc] ==> lib [c]
    arg [-lgcc_s] ==> lib [gcc_s]
    arg [-lgcc] ==> lib [gcc]
    arg [/data/apps/gcc/4.8.2/lib/gcc/x86_64-unknown-linux-gnu/4.8.2/crtend.o] ==> ignore
    arg [/usr/lib/../lib64/crtn.o] ==> ignore
  remove lib [gcc_s]
  remove lib [gcc]
  remove lib [gcc_s]
  remove lib [gcc]
  collapse library dir [/data/apps/mpi/openmpi-1.8.3/gcc/4.8.2/lib] ==> [/data/apps/mpi/openmpi-1.8.3/gcc/4.8.2/lib]
  collapse library dir [/data/apps/gcc/4.8.2/lib/gcc/x86_64-unknown-linux-gnu/4.8.2] ==> [/data/apps/gcc/4.8.2/lib/gcc/x86_64-unknown-linux-gnu/4.8.2]
  collapse library dir [/data/apps/gcc/4.8.2/lib/gcc/x86_64-unknown-linux-gnu/4.8.2/../../../../lib64] ==> [/data/apps/gcc/4.8.2/lib64]
  collapse library dir [/lib/../lib64] ==> [/lib64]
  collapse library dir [/usr/lib/../lib64] ==> [/usr/lib64]
  collapse library dir [/data/apps/gcc/4.8.2/lib/gcc/x86_64-unknown-linux-gnu/4.8.2/../../..] ==> [/data/apps/gcc/4.8.2/lib]
  implicit libs: [mpi_cxx;mpi;stdc++;m;pthread;c]
  implicit dirs: [/data/apps/mpi/openmpi-1.8.3/gcc/4.8.2/lib;/data/apps/gcc/4.8.2/lib/gcc/x86_64-unknown-linux-gnu/4.8.2;/data/apps/gcc/4.8.2/lib64;/lib64;/usr/lib64;/data/apps/gcc/4.8.2/lib]
  implicit fwks: []


The system is: Linux - 3.10.104-1.el6.elrepo.x86_64 - x86_64
Compiling the C compiler identification source file "CMakeCCompilerId.c" succeeded.
Compiler: /data/apps/mpi/openmpi-1.8.3/gcc/4.8.2/bin/mpicc 
Build flags: 
Id flags: 

The output was:
0


Compilation of the C compiler identification source "CMakeCCompilerId.c" produced "a.out"

The C compiler identification is GNU, found in "/data/users/adasarat/FaceDetectionGPU/FaceDetectionGPU/CMakeFiles/3.6.1/CompilerIdC/a.out"

Compiling the CXX compiler identification source file "CMakeCXXCompilerId.cpp" succeeded.
Compiler: /data/apps/mpi/openmpi-1.8.3/gcc/4.8.2/bin/mpiCC 
Build flags: 
Id flags: 

The output was:
0


Compilation of the CXX compiler identification source "CMakeCXXCompilerId.cpp" produced "a.out"

The CXX compiler identification is GNU, found in "/data/users/adasarat/FaceDetectionGPU/FaceDetectionGPU/CMakeFiles/3.6.1/CompilerIdCXX/a.out"

Determining if the C compiler works passed with the following output:
Change Dir: /data/users/adasarat/FaceDetectionGPU/FaceDetectionGPU/CMakeFiles/CMakeTmp

Run Build Command:"/usr/bin/gmake" "cmTC_991ec/fast"
/usr/bin/gmake -f CMakeFiles/cmTC_991ec.dir/build.make CMakeFiles/cmTC_991ec.dir/build
gmake[1]: Entering directory `/data/users/adasarat/FaceDetectionGPU/FaceDetectionGPU/CMakeFiles/CMakeTmp'
Building C object CMakeFiles/cmTC_991ec.dir/testCCompiler.c.o
/data/apps/mpi/openmpi-1.8.3/gcc/4.8.2/bin/mpicc     -o CMakeFiles/cmTC_991ec.dir/testCCompiler.c.o   -c /data/users/adasarat/FaceDetectionGPU/FaceDetectionGPU/CMakeFiles/CMakeTmp/testCCompiler.c
Linking C executable cmTC_991ec
/data/apps/cmake/3.6.1/bin/cmake -E cmake_link_script CMakeFiles/cmTC_991ec.dir/link.txt --verbose=1
/data/apps/mpi/openmpi-1.8.3/gcc/4.8.2/bin/mpicc      -L /data/apps/opencv/2.4.9/lib -L/data/apps/cuda/6.0/lib64 -L/data/apps/cuda/6.0/lib -L/data/apps/cuda/5.0/lib64 -L/data/apps/cuda/5.0/lib -L/data/apps/mpi/openmpi-1.8.3/gcc/4.8.2/lib -L/data/apps/gcc/4.8.2/lib64 -L/data/apps/gcc/4.8.2/lib  CMakeFiles/cmTC_991ec.dir/testCCompiler.c.o  -o cmTC_991ec -rdynamic 
gmake[1]: Leaving directory `/data/users/adasarat/FaceDetectionGPU/FaceDetectionGPU/CMakeFiles/CMakeTmp'


Detecting C compiler ABI info compiled with the following output:
Change Dir: /data/users/adasarat/FaceDetectionGPU/FaceDetectionGPU/CMakeFiles/CMakeTmp

Run Build Command:"/usr/bin/gmake" "cmTC_40c1c/fast"
/usr/bin/gmake -f CMakeFiles/cmTC_40c1c.dir/build.make CMakeFiles/cmTC_40c1c.dir/build
gmake[1]: Entering directory `/data/users/adasarat/FaceDetectionGPU/FaceDetectionGPU/CMakeFiles/CMakeTmp'
Building C object CMakeFiles/cmTC_40c1c.dir/CMakeCCompilerABI.c.o
/data/apps/mpi/openmpi-1.8.3/gcc/4.8.2/bin/mpicc     -o CMakeFiles/cmTC_40c1c.dir/CMakeCCompilerABI.c.o   -c /data/apps/cmake/3.6.1/share/cmake-3.6/Modules/CMakeCCompilerABI.c
Linking C executable cmTC_40c1c
/data/apps/cmake/3.6.1/bin/cmake -E cmake_link_script CMakeFiles/cmTC_40c1c.dir/link.txt --verbose=1
/data/apps/mpi/openmpi-1.8.3/gcc/4.8.2/bin/mpicc      -L /data/apps/opencv/2.4.9/lib -L/data/apps/cuda/6.0/lib64 -L/data/apps/cuda/6.0/lib -L/data/apps/cuda/5.0/lib64 -L/data/apps/cuda/5.0/lib -L/data/apps/mpi/openmpi-1.8.3/gcc/4.8.2/lib -L/data/apps/gcc/4.8.2/lib64 -L/data/apps/gcc/4.8.2/lib -v CMakeFiles/cmTC_40c1c.dir/CMakeCCompilerABI.c.o  -o cmTC_40c1c -rdynamic  
Using built-in specs.
COLLECT_GCC=/data/apps/gcc/4.8.2/bin/gcc
COLLECT_LTO_WRAPPER=/data/apps/gcc/4.8.2/libexec/gcc/x86_64-unknown-linux-gnu/4.8.2/lto-wrapper
Target: x86_64-unknown-linux-gnu
Configured with: ./configure --with-gmp=/data/apps/gmp/5.1.3 --with-mpfr=/data/apps/mpfr/3.1.2 --with-mpc=/data/apps/mpc-1.0.1 --enable-threads=posix --with-as=/data/apps/binutils/2.23.2/bin/as --mandir=/data/apps/gcc/4.8.2/man --pdfdir=/data/apps/gcc/4.8.2/pdf --htmldir=/data/apps/gcc/4.8.2/html --enable-languages=c,c++,fortran,ada,go,java,lto,objc,obj-c++ --prefix=/data/apps/gcc/4.8.2
Thread model: posix
gcc version 4.8.2 (GCC) 
COMPILER_PATH=/data/apps/gcc/4.8.2/libexec/gcc/x86_64-unknown-linux-gnu/4.8.2/:/data/apps/gcc/4.8.2/libexec/gcc/x86_64-unknown-linux-gnu/4.8.2/:/data/apps/gcc/4.8.2/libexec/gcc/x86_64-unknown-linux-gnu/:/data/apps/gcc/4.8.2/lib/gcc/x86_64-unknown-linux-gnu/4.8.2/:/data/apps/gcc/4.8.2/lib/gcc/x86_64-unknown-linux-gnu/
LIBRARY_PATH=/data/apps/gcc/4.8.2/lib/gcc/x86_64-unknown-linux-gnu/4.8.2/:/data/apps/gcc/4.8.2/lib/gcc/x86_64-unknown-linux-gnu/4.8.2/../../../../lib64/:/lib/../lib64/:/usr/lib/../lib64/:/data/apps/gcc/4.8.2/lib/gcc/x86_64-unknown-linux-gnu/4.8.2/../../../:/lib/:/usr/lib/
COLLECT_GCC_OPTIONS='-L/data/apps/opencv/2.4.9/lib' '-L/data/apps/cuda/6.0/lib64' '-L/data/apps/cuda/6.0/lib' '-L/data/apps/cuda/5.0/lib64' '-L/data/apps/cuda/5.0/lib' '-L/data/apps/mpi/openmpi-1.8.3/gcc/4.8.2/lib' '-L/data/apps/gcc/4.8.2/lib64' '-L/data/apps/gcc/4.8.2/lib' '-v' '-o' 'cmTC_40c1c' '-rdynamic' '-I' '/data/apps/mpi/openmpi-1.8.3/gcc/4.8.2/include' '-pthread' '-L/data/apps/mpi/openmpi-1.8.3/gcc/4.8.2/lib' '-mtune=generic' '-march=x86-64'
 /data/apps/gcc/4.8.2/libexec/gcc/x86_64-unknown-linux-gnu/4.8.2/collect2 --eh-frame-hdr -m elf_x86_64 -export-dynamic -dynamic-linker /lib64/ld-linux-x86-64.so.2 -o cmTC_40c1c /usr/lib/../lib64/crt1.o /usr/lib/../lib64/crti.o /data/apps/gcc/4.8.2/lib/gcc/x86_64-unknown-linux-gnu/4.8.2/crtbegin.o -L/data/apps/opencv/2.4.9/lib -L/data/apps/cuda/6.0/lib64 -L/data/apps/cuda/6.0/lib -L/data/apps/cuda/5.0/lib64 -L/data/apps/cuda/5.0/lib -L/data/apps/mpi/openmpi-1.8.3/gcc/4.8.2/lib -L/data/apps/gcc/4.8.2/lib64 -L/data/apps/gcc/4.8.2/lib -L/data/apps/mpi/openmpi-1.8.3/gcc/4.8.2/lib -L/data/apps/gcc/4.8.2/lib/gcc/x86_64-unknown-linux-gnu/4.8.2 -L/data/apps/gcc/4.8.2/lib/gcc/x86_64-unknown-linux-gnu/4.8.2/../../../../lib64 -L/lib/../lib64 -L/usr/lib/../lib64 -L/data/apps/gcc/4.8.2/lib/gcc/x86_64-unknown-linux-gnu/4.8.2/../../.. CMakeFiles/cmTC_40c1c.dir/CMakeCCompilerABI.c.o -rpath /data/apps/mpi/openmpi-1.8.3/gcc/4.8.2/lib --enable-new-dtags -lmpi -lgcc --as-needed -lgcc_s --no-as-needed -lpthread -lc -lgcc --as-needed -lgcc_s --no-as-needed /data/apps/gcc/4.8.2/lib/gcc/x86_64-unknown-linux-gnu/4.8.2/crtend.o /usr/lib/../lib64/crtn.o
gmake[1]: Leaving directory `/data/users/adasarat/FaceDetectionGPU/FaceDetectionGPU/CMakeFiles/CMakeTmp'


Parsed C implicit link information from above output:
  link line regex: [^( *|.*[/\])(ld|([^/\]+-)?ld|collect2)[^/\]*( |$)]
  ignore line: [Change Dir: /data/users/adasarat/FaceDetectionGPU/FaceDetectionGPU/CMakeFiles/CMakeTmp]
  ignore line: []
  ignore line: [Run Build Command:"/usr/bin/gmake" "cmTC_40c1c/fast"]
  ignore line: [/usr/bin/gmake -f CMakeFiles/cmTC_40c1c.dir/build.make CMakeFiles/cmTC_40c1c.dir/build]
  ignore line: [gmake[1]: Entering directory `/data/users/adasarat/FaceDetectionGPU/FaceDetectionGPU/CMakeFiles/CMakeTmp']
  ignore line: [Building C object CMakeFiles/cmTC_40c1c.dir/CMakeCCompilerABI.c.o]
  ignore line: [/data/apps/mpi/openmpi-1.8.3/gcc/4.8.2/bin/mpicc     -o CMakeFiles/cmTC_40c1c.dir/CMakeCCompilerABI.c.o   -c /data/apps/cmake/3.6.1/share/cmake-3.6/Modules/CMakeCCompilerABI.c]
  ignore line: [Linking C executable cmTC_40c1c]
  ignore line: [/data/apps/cmake/3.6.1/bin/cmake -E cmake_link_script CMakeFiles/cmTC_40c1c.dir/link.txt --verbose=1]
  ignore line: [/data/apps/mpi/openmpi-1.8.3/gcc/4.8.2/bin/mpicc      -L /data/apps/opencv/2.4.9/lib -L/data/apps/cuda/6.0/lib64 -L/data/apps/cuda/6.0/lib -L/data/apps/cuda/5.0/lib64 -L/data/apps/cuda/5.0/lib -L/data/apps/mpi/openmpi-1.8.3/gcc/4.8.2/lib -L/data/apps/gcc/4.8.2/lib64 -L/data/apps/gcc/4.8.2/lib -v CMakeFiles/cmTC_40c1c.dir/CMakeCCompilerABI.c.o  -o cmTC_40c1c -rdynamic  ]
  ignore line: [Using built-in specs.]
  ignore line: [COLLECT_GCC=/data/apps/gcc/4.8.2/bin/gcc]
  ignore line: [COLLECT_LTO_WRAPPER=/data/apps/gcc/4.8.2/libexec/gcc/x86_64-unknown-linux-gnu/4.8.2/lto-wrapper]
  ignore line: [Target: x86_64-unknown-linux-gnu]
  ignore line: [Configured with: ./configure --with-gmp=/data/apps/gmp/5.1.3 --with-mpfr=/data/apps/mpfr/3.1.2 --with-mpc=/data/apps/mpc-1.0.1 --enable-threads=posix --with-as=/data/apps/binutils/2.23.2/bin/as --mandir=/data/apps/gcc/4.8.2/man --pdfdir=/data/apps/gcc/4.8.2/pdf --htmldir=/data/apps/gcc/4.8.2/html --enable-languages=c,c++,fortran,ada,go,java,lto,objc,obj-c++ --prefix=/data/apps/gcc/4.8.2]
  ignore line: [Thread model: posix]
  ignore line: [gcc version 4.8.2 (GCC) ]
  ignore line: [COMPILER_PATH=/data/apps/gcc/4.8.2/libexec/gcc/x86_64-unknown-linux-gnu/4.8.2/:/data/apps/gcc/4.8.2/libexec/gcc/x86_64-unknown-linux-gnu/4.8.2/:/data/apps/gcc/4.8.2/libexec/gcc/x86_64-unknown-linux-gnu/:/data/apps/gcc/4.8.2/lib/gcc/x86_64-unknown-linux-gnu/4.8.2/:/data/apps/gcc/4.8.2/lib/gcc/x86_64-unknown-linux-gnu/]
  ignore line: [LIBRARY_PATH=/data/apps/gcc/4.8.2/lib/gcc/x86_64-unknown-linux-gnu/4.8.2/:/data/apps/gcc/4.8.2/lib/gcc/x86_64-unknown-linux-gnu/4.8.2/../../../../lib64/:/lib/../lib64/:/usr/lib/../lib64/:/data/apps/gcc/4.8.2/lib/gcc/x86_64-unknown-linux-gnu/4.8.2/../../../:/lib/:/usr/lib/]
  ignore line: [COLLECT_GCC_OPTIONS='-L/data/apps/opencv/2.4.9/lib' '-L/data/apps/cuda/6.0/lib64' '-L/data/apps/cuda/6.0/lib' '-L/data/apps/cuda/5.0/lib64' '-L/data/apps/cuda/5.0/lib' '-L/data/apps/mpi/openmpi-1.8.3/gcc/4.8.2/lib' '-L/data/apps/gcc/4.8.2/lib64' '-L/data/apps/gcc/4.8.2/lib' '-v' '-o' 'cmTC_40c1c' '-rdynamic' '-I' '/data/apps/mpi/openmpi-1.8.3/gcc/4.8.2/include' '-pthread' '-L/data/apps/mpi/openmpi-1.8.3/gcc/4.8.2/lib' '-mtune=generic' '-march=x86-64']
  link line: [ /data/apps/gcc/4.8.2/libexec/gcc/x86_64-unknown-linux-gnu/4.8.2/collect2 --eh-frame-hdr -m elf_x86_64 -export-dynamic -dynamic-linker /lib64/ld-linux-x86-64.so.2 -o cmTC_40c1c /usr/lib/../lib64/crt1.o /usr/lib/../lib64/crti.o /data/apps/gcc/4.8.2/lib/gcc/x86_64-unknown-linux-gnu/4.8.2/crtbegin.o -L/data/apps/opencv/2.4.9/lib -L/data/apps/cuda/6.0/lib64 -L/data/apps/cuda/6.0/lib -L/data/apps/cuda/5.0/lib64 -L/data/apps/cuda/5.0/lib -L/data/apps/mpi/openmpi-1.8.3/gcc/4.8.2/lib -L/data/apps/gcc/4.8.2/lib64 -L/data/apps/gcc/4.8.2/lib -L/data/apps/mpi/openmpi-1.8.3/gcc/4.8.2/lib -L/data/apps/gcc/4.8.2/lib/gcc/x86_64-unknown-linux-gnu/4.8.2 -L/data/apps/gcc/4.8.2/lib/gcc/x86_64-unknown-linux-gnu/4.8.2/../../../../lib64 -L/lib/../lib64 -L/usr/lib/../lib64 -L/data/apps/gcc/4.8.2/lib/gcc/x86_64-unknown-linux-gnu/4.8.2/../../.. CMakeFiles/cmTC_40c1c.dir/CMakeCCompilerABI.c.o -rpath /data/apps/mpi/openmpi-1.8.3/gcc/4.8.2/lib --enable-new-dtags -lmpi -lgcc --as-needed -lgcc_s --no-as-needed -lpthread -lc -lgcc --as-needed -lgcc_s --no-as-needed /data/apps/gcc/4.8.2/lib/gcc/x86_64-unknown-linux-gnu/4.8.2/crtend.o /usr/lib/../lib64/crtn.o]
    arg [/data/apps/gcc/4.8.2/libexec/gcc/x86_64-unknown-linux-gnu/4.8.2/collect2] ==> ignore
    arg [--eh-frame-hdr] ==> ignore
    arg [-m] ==> ignore
    arg [elf_x86_64] ==> ignore
    arg [-export-dynamic] ==> ignore
    arg [-dynamic-linker] ==> ignore
    arg [/lib64/ld-linux-x86-64.so.2] ==> ignore
    arg [-o] ==> ignore
    arg [cmTC_40c1c] ==> ignore
    arg [/usr/lib/../lib64/crt1.o] ==> ignore
    arg [/usr/lib/../lib64/crti.o] ==> ignore
    arg [/data/apps/gcc/4.8.2/lib/gcc/x86_64-unknown-linux-gnu/4.8.2/crtbegin.o] ==> ignore
    arg [-L/data/apps/opencv/2.4.9/lib] ==> dir [/data/apps/opencv/2.4.9/lib]
    arg [-L/data/apps/cuda/6.0/lib64] ==> dir [/data/apps/cuda/6.0/lib64]
    arg [-L/data/apps/cuda/6.0/lib] ==> dir [/data/apps/cuda/6.0/lib]
    arg [-L/data/apps/cuda/5.0/lib64] ==> dir [/data/apps/cuda/5.0/lib64]
    arg [-L/data/apps/cuda/5.0/lib] ==> dir [/data/apps/cuda/5.0/lib]
    arg [-L/data/apps/mpi/openmpi-1.8.3/gcc/4.8.2/lib] ==> dir [/data/apps/mpi/openmpi-1.8.3/gcc/4.8.2/lib]
    arg [-L/data/apps/gcc/4.8.2/lib64] ==> dir [/data/apps/gcc/4.8.2/lib64]
    arg [-L/data/apps/gcc/4.8.2/lib] ==> dir [/data/apps/gcc/4.8.2/lib]
    arg [-L/data/apps/mpi/openmpi-1.8.3/gcc/4.8.2/lib] ==> dir [/data/apps/mpi/openmpi-1.8.3/gcc/4.8.2/lib]
    arg [-L/data/apps/gcc/4.8.2/lib/gcc/x86_64-unknown-linux-gnu/4.8.2] ==> dir [/data/apps/gcc/4.8.2/lib/gcc/x86_64-unknown-linux-gnu/4.8.2]
    arg [-L/data/apps/gcc/4.8.2/lib/gcc/x86_64-unknown-linux-gnu/4.8.2/../../../../lib64] ==> dir [/data/apps/gcc/4.8.2/lib/gcc/x86_64-unknown-linux-gnu/4.8.2/../../../../lib64]
    arg [-L/lib/../lib64] ==> dir [/lib/../lib64]
    arg [-L/usr/lib/../lib64] ==> dir [/usr/lib/../lib64]
    arg [-L/data/apps/gcc/4.8.2/lib/gcc/x86_64-unknown-linux-gnu/4.8.2/../../..] ==> dir [/data/apps/gcc/4.8.2/lib/gcc/x86_64-unknown-linux-gnu/4.8.2/../../..]
    arg [CMakeFiles/cmTC_40c1c.dir/CMakeCCompilerABI.c.o] ==> ignore
    arg [-rpath] ==> ignore
    arg [/data/apps/mpi/openmpi-1.8.3/gcc/4.8.2/lib] ==> ignore
    arg [--enable-new-dtags] ==> ignore
    arg [-lmpi] ==> lib [mpi]
    arg [-lgcc] ==> lib [gcc]
    arg [--as-needed] ==> ignore
    arg [-lgcc_s] ==> lib [gcc_s]
    arg [--no-as-needed] ==> ignore
    arg [-lpthread] ==> lib [pthread]
    arg [-lc] ==> lib [c]
    arg [-lgcc] ==> lib [gcc]
    arg [--as-needed] ==> ignore
    arg [-lgcc_s] ==> lib [gcc_s]
    arg [--no-as-needed] ==> ignore
    arg [/data/apps/gcc/4.8.2/lib/gcc/x86_64-unknown-linux-gnu/4.8.2/crtend.o] ==> ignore
    arg [/usr/lib/../lib64/crtn.o] ==> ignore
  remove lib [gcc]
  remove lib [gcc_s]
  remove lib [gcc]
  remove lib [gcc_s]
  collapse library dir [/data/apps/opencv/2.4.9/lib] ==> [/data/apps/opencv/2.4.9/lib]
  collapse library dir [/data/apps/cuda/6.0/lib64] ==> [/data/apps/cuda/6.0/lib64]
  collapse library dir [/data/apps/cuda/6.0/lib] ==> [/data/apps/cuda/6.0/lib]
  collapse library dir [/data/apps/cuda/5.0/lib64] ==> [/data/apps/cuda/5.0/lib64]
  collapse library dir [/data/apps/cuda/5.0/lib] ==> [/data/apps/cuda/5.0/lib]
  collapse library dir [/data/apps/mpi/openmpi-1.8.3/gcc/4.8.2/lib] ==> [/data/apps/mpi/openmpi-1.8.3/gcc/4.8.2/lib]
  collapse library dir [/data/apps/gcc/4.8.2/lib64] ==> [/data/apps/gcc/4.8.2/lib64]
  collapse library dir [/data/apps/gcc/4.8.2/lib] ==> [/data/apps/gcc/4.8.2/lib]
  collapse library dir [/data/apps/mpi/openmpi-1.8.3/gcc/4.8.2/lib] ==> [/data/apps/mpi/openmpi-1.8.3/gcc/4.8.2/lib]
  collapse library dir [/data/apps/gcc/4.8.2/lib/gcc/x86_64-unknown-linux-gnu/4.8.2] ==> [/data/apps/gcc/4.8.2/lib/gcc/x86_64-unknown-linux-gnu/4.8.2]
  collapse library dir [/data/apps/gcc/4.8.2/lib/gcc/x86_64-unknown-linux-gnu/4.8.2/../../../../lib64] ==> [/data/apps/gcc/4.8.2/lib64]
  collapse library dir [/lib/../lib64] ==> [/lib64]
  collapse library dir [/usr/lib/../lib64] ==> [/usr/lib64]
  collapse library dir [/data/apps/gcc/4.8.2/lib/gcc/x86_64-unknown-linux-gnu/4.8.2/../../..] ==> [/data/apps/gcc/4.8.2/lib]
  implicit libs: [mpi;pthread;c]
  implicit dirs: [/data/apps/opencv/2.4.9/lib;/data/apps/cuda/6.0/lib64;/data/apps/cuda/6.0/lib;/data/apps/cuda/5.0/lib64;/data/apps/cuda/5.0/lib;/data/apps/mpi/openmpi-1.8.3/gcc/4.8.2/lib;/data/apps/gcc/4.8.2/lib64;/data/apps/gcc/4.8.2/lib;/data/apps/gcc/4.8.2/lib/gcc/x86_64-unknown-linux-gnu/4.8.2;/lib64;/usr/lib64]
  implicit fwks: []




Detecting C [-std=c11] compiler features compiled with the following output:
Change Dir: /data/users/adasarat/FaceDetectionGPU/FaceDetectionGPU/CMakeFiles/CMakeTmp

Run Build Command:"/usr/bin/gmake" "cmTC_5b3a7/fast"
/usr/bin/gmake -f CMakeFiles/cmTC_5b3a7.dir/build.make CMakeFiles/cmTC_5b3a7.dir/build
gmake[1]: Entering directory `/data/users/adasarat/FaceDetectionGPU/FaceDetectionGPU/CMakeFiles/CMakeTmp'
Building C object CMakeFiles/cmTC_5b3a7.dir/feature_tests.c.o
/data/apps/mpi/openmpi-1.8.3/gcc/4.8.2/bin/mpicc    -std=c11 -o CMakeFiles/cmTC_5b3a7.dir/feature_tests.c.o   -c /data/users/adasarat/FaceDetectionGPU/FaceDetectionGPU/CMakeFiles/feature_tests.c
Linking C executable cmTC_5b3a7
/data/apps/cmake/3.6.1/bin/cmake -E cmake_link_script CMakeFiles/cmTC_5b3a7.dir/link.txt --verbose=1
/data/apps/mpi/openmpi-1.8.3/gcc/4.8.2/bin/mpicc      -L /data/apps/opencv/2.4.9/lib -L/data/apps/cuda/6.0/lib64 -L/data/apps/cuda/6.0/lib -L/data/apps/cuda/5.0/lib64 -L/data/apps/cuda/5.0/lib -L/data/apps/mpi/openmpi-1.8.3/gcc/4.8.2/lib -L/data/apps/gcc/4.8.2/lib64 -L/data/apps/gcc/4.8.2/lib  CMakeFiles/cmTC_5b3a7.dir/feature_tests.c.o  -o cmTC_5b3a7 -rdynamic 
gmake[1]: Leaving directory `/data/users/adasarat/FaceDetectionGPU/FaceDetectionGPU/CMakeFiles/CMakeTmp'


    Feature record: C_FEATURE:1c_function_prototypes
    Feature record: C_FEATURE:1c_restrict
    Feature record: C_FEATURE:1c_static_assert
    Feature record: C_FEATURE:1c_variadic_macros


Detecting C [-std=c99] compiler features compiled with the following output:
Change Dir: /data/users/adasarat/FaceDetectionGPU/FaceDetectionGPU/CMakeFiles/CMakeTmp

Run Build Command:"/usr/bin/gmake" "cmTC_0f8cf/fast"
/usr/bin/gmake -f CMakeFiles/cmTC_0f8cf.dir/build.make CMakeFiles/cmTC_0f8cf.dir/build
gmake[1]: Entering directory `/data/users/adasarat/FaceDetectionGPU/FaceDetectionGPU/CMakeFiles/CMakeTmp'
Building C object CMakeFiles/cmTC_0f8cf.dir/feature_tests.c.o
/data/apps/mpi/openmpi-1.8.3/gcc/4.8.2/bin/mpicc    -std=c99 -o CMakeFiles/cmTC_0f8cf.dir/feature_tests.c.o   -c /data/users/adasarat/FaceDetectionGPU/FaceDetectionGPU/CMakeFiles/feature_tests.c
Linking C executable cmTC_0f8cf
/data/apps/cmake/3.6.1/bin/cmake -E cmake_link_script CMakeFiles/cmTC_0f8cf.dir/link.txt --verbose=1
/data/apps/mpi/openmpi-1.8.3/gcc/4.8.2/bin/mpicc      -L /data/apps/opencv/2.4.9/lib -L/data/apps/cuda/6.0/lib64 -L/data/apps/cuda/6.0/lib -L/data/apps/cuda/5.0/lib64 -L/data/apps/cuda/5.0/lib -L/data/apps/mpi/openmpi-1.8.3/gcc/4.8.2/lib -L/data/apps/gcc/4.8.2/lib64 -L/data/apps/gcc/4.8.2/lib  CMakeFiles/cmTC_0f8cf.dir/feature_tests.c.o  -o cmTC_0f8cf -rdynamic 
gmake[1]: Leaving directory `/data/users/adasarat/FaceDetectionGPU/FaceDetectionGPU/CMakeFiles/CMakeTmp'


    Feature record: C_FEATURE:1c_function_prototypes
    Feature record: C_FEATURE:1c_restrict
    Feature record: C_FEATURE:0c_static_assert
    Feature record: C_FEATURE:1c_variadic_macros


Detecting C [-std=c90] compiler features compiled with the following output:
Change Dir: /data/users/adasarat/FaceDetectionGPU/FaceDetectionGPU/CMakeFiles/CMakeTmp

Run Build Command:"/usr/bin/gmake" "cmTC_c03ee/fast"
/usr/bin/gmake -f CMakeFiles/cmTC_c03ee.dir/build.make CMakeFiles/cmTC_c03ee.dir/build
gmake[1]: Entering directory `/data/users/adasarat/FaceDetectionGPU/FaceDetectionGPU/CMakeFiles/CMakeTmp'
Building C object CMakeFiles/cmTC_c03ee.dir/feature_tests.c.o
/data/apps/mpi/openmpi-1.8.3/gcc/4.8.2/bin/mpicc    -std=c90 -o CMakeFiles/cmTC_c03ee.dir/feature_tests.c.o   -c /data/users/adasarat/FaceDetectionGPU/FaceDetectionGPU/CMakeFiles/feature_tests.c
Linking C executable cmTC_c03ee
/data/apps/cmake/3.6.1/bin/cmake -E cmake_link_script CMakeFiles/cmTC_c03ee.dir/link.txt --verbose=1
/data/apps/mpi/openmpi-1.8.3/gcc/4.8.2/bin/mpicc      -L /data/apps/opencv/2.4.9/lib -L/data/apps/cuda/6.0/lib64 -L/data/apps/cuda/6.0/lib -L/data/apps/cuda/5.0/lib64 -L/data/apps/cuda/5.0/lib -L/data/apps/mpi/openmpi-1.8.3/gcc/4.8.2/lib -L/data/apps/gcc/4.8.2/lib64 -L/data/apps/gcc/4.8.2/lib  CMakeFiles/cmTC_c03ee.dir/feature_tests.c.o  -o cmTC_c03ee -rdynamic 
gmake[1]: Leaving directory `/data/users/adasarat/FaceDetectionGPU/FaceDetectionGPU/CMakeFiles/CMakeTmp'


    Feature record: C_FEATURE:1c_function_prototypes
    Feature record: C_FEATURE:0c_restrict
    Feature record: C_FEATURE:0c_static_assert
    Feature record: C_FEATURE:0c_variadic_macros
Determining if the CXX compiler works passed with the following output:
Change Dir: /data/users/adasarat/FaceDetectionGPU/FaceDetectionGPU/CMakeFiles/CMakeTmp

Run Build Command:"/usr/bin/gmake" "cmTC_fe790/fast"
/usr/bin/gmake -f CMakeFiles/cmTC_fe790.dir/build.make CMakeFiles/cmTC_fe790.dir/build
gmake[1]: Entering directory `/data/users/adasarat/FaceDetectionGPU/FaceDetectionGPU/CMakeFiles/CMakeTmp'
Building CXX object CMakeFiles/cmTC_fe790.dir/testCXXCompiler.cxx.o
/data/apps/mpi/openmpi-1.8.3/gcc/4.8.2/bin/mpiCC      -o CMakeFiles/cmTC_fe790.dir/testCXXCompiler.cxx.o -c /data/users/adasarat/FaceDetectionGPU/FaceDetectionGPU/CMakeFiles/CMakeTmp/testCXXCompiler.cxx
Linking CXX executable cmTC_fe790
/data/apps/cmake/3.6.1/bin/cmake -E cmake_link_script CMakeFiles/cmTC_fe790.dir/link.txt --verbose=1
/data/apps/mpi/openmpi-1.8.3/gcc/4.8.2/bin/mpiCC       -L /data/apps/opencv/2.4.9/lib -L/data/apps/cuda/6.0/lib64 -L/data/apps/cuda/6.0/lib -L/data/apps/cuda/5.0/lib64 -L/data/apps/cuda/5.0/lib -L/data/apps/mpi/openmpi-1.8.3/gcc/4.8.2/lib -L/data/apps/gcc/4.8.2/lib64 -L/data/apps/gcc/4.8.2/lib  CMakeFiles/cmTC_fe790.dir/testCXXCompiler.cxx.o  -o cmTC_fe790 -rdynamic 
gmake[1]: Leaving directory `/data/users/adasarat/FaceDetectionGPU/FaceDetectionGPU/CMakeFiles/CMakeTmp'


Detecting CXX compiler ABI info compiled with the following output:
Change Dir: /data/users/adasarat/FaceDetectionGPU/FaceDetectionGPU/CMakeFiles/CMakeTmp

Run Build Command:"/usr/bin/gmake" "cmTC_a63be/fast"
/usr/bin/gmake -f CMakeFiles/cmTC_a63be.dir/build.make CMakeFiles/cmTC_a63be.dir/build
gmake[1]: Entering directory `/data/users/adasarat/FaceDetectionGPU/FaceDetectionGPU/CMakeFiles/CMakeTmp'
Building CXX object CMakeFiles/cmTC_a63be.dir/CMakeCXXCompilerABI.cpp.o
/data/apps/mpi/openmpi-1.8.3/gcc/4.8.2/bin/mpiCC      -o CMakeFiles/cmTC_a63be.dir/CMakeCXXCompilerABI.cpp.o -c /data/apps/cmake/3.6.1/share/cmake-3.6/Modules/CMakeCXXCompilerABI.cpp
Linking CXX executable cmTC_a63be
/data/apps/cmake/3.6.1/bin/cmake -E cmake_link_script CMakeFiles/cmTC_a63be.dir/link.txt --verbose=1
/data/apps/mpi/openmpi-1.8.3/gcc/4.8.2/bin/mpiCC       -L /data/apps/opencv/2.4.9/lib -L/data/apps/cuda/6.0/lib64 -L/data/apps/cuda/6.0/lib -L/data/apps/cuda/5.0/lib64 -L/data/apps/cuda/5.0/lib -L/data/apps/mpi/openmpi-1.8.3/gcc/4.8.2/lib -L/data/apps/gcc/4.8.2/lib64 -L/data/apps/gcc/4.8.2/lib -v CMakeFiles/cmTC_a63be.dir/CMakeCXXCompilerABI.cpp.o  -o cmTC_a63be -rdynamic  
Using built-in specs.
COLLECT_GCC=/data/apps/gcc/4.8.2/bin/g++
COLLECT_LTO_WRAPPER=/data/apps/gcc/4.8.2/libexec/gcc/x86_64-unknown-linux-gnu/4.8.2/lto-wrapper
Target: x86_64-unknown-linux-gnu
Configured with: ./configure --with-gmp=/data/apps/gmp/5.1.3 --with-mpfr=/data/apps/mpfr/3.1.2 --with-mpc=/data/apps/mpc-1.0.1 --enable-threads=posix --with-as=/data/apps/binutils/2.23.2/bin/as --mandir=/data/apps/gcc/4.8.2/man --pdfdir=/data/apps/gcc/4.8.2/pdf --htmldir=/data/apps/gcc/4.8.2/html --enable-languages=c,c++,fortran,ada,go,java,lto,objc,obj-c++ --prefix=/data/apps/gcc/4.8.2
Thread model: posix
gcc version 4.8.2 (GCC) 
COMPILER_PATH=/data/apps/gcc/4.8.2/libexec/gcc/x86_64-unknown-linux-gnu/4.8.2/:/data/apps/gcc/4.8.2/libexec/gcc/x86_64-unknown-linux-gnu/4.8.2/:/data/apps/gcc/4.8.2/libexec/gcc/x86_64-unknown-linux-gnu/:/data/apps/gcc/4.8.2/lib/gcc/x86_64-unknown-linux-gnu/4.8.2/:/data/apps/gcc/4.8.2/lib/gcc/x86_64-unknown-linux-gnu/
LIBRARY_PATH=/data/apps/gcc/4.8.2/lib/gcc/x86_64-unknown-linux-gnu/4.8.2/:/data/apps/gcc/4.8.2/lib/gcc/x86_64-unknown-linux-gnu/4.8.2/../../../../lib64/:/lib/../lib64/:/usr/lib/../lib64/:/data/apps/gcc/4.8.2/lib/gcc/x86_64-unknown-linux-gnu/4.8.2/../../../:/lib/:/usr/lib/
COLLECT_GCC_OPTIONS='-L/data/apps/opencv/2.4.9/lib' '-L/data/apps/cuda/6.0/lib64' '-L/data/apps/cuda/6.0/lib' '-L/data/apps/cuda/5.0/lib64' '-L/data/apps/cuda/5.0/lib' '-L/data/apps/mpi/openmpi-1.8.3/gcc/4.8.2/lib' '-L/data/apps/gcc/4.8.2/lib64' '-L/data/apps/gcc/4.8.2/lib' '-v' '-o' 'cmTC_a63be' '-rdynamic' '-I' '/data/apps/mpi/openmpi-1.8.3/gcc/4.8.2/include' '-pthread' '-L/data/apps/mpi/openmpi-1.8.3/gcc/4.8.2/lib' '-shared-libgcc' '-mtune=generic' '-march=x86-64'
 /data/apps/gcc/4.8.2/libexec/gcc/x86_64-unknown-linux-gnu/4.8.2/collect2 --eh-frame-hdr -m elf_x86_64 -export-dynamic -dynamic-linker /lib64/ld-linux-x86-64.so.2 -o cmTC_a63be /usr/lib/../lib64/crt1.o /usr/lib/../lib64/crti.o /data/apps/gcc/4.8.2/lib/gcc/x86_64-unknown-linux-gnu/4.8.2/crtbegin.o -L/data/apps/opencv/2.4.9/lib -L/data/apps/cuda/6.0/lib64 -L/data/apps/cuda/6.0/lib -L/data/apps/cuda/5.0/lib64 -L/data/apps/cuda/5.0/lib -L/data/apps/mpi/openmpi-1.8.3/gcc/4.8.2/lib -L/data/apps/gcc/4.8.2/lib64 -L/data/apps/gcc/4.8.2/lib -L/data/apps/mpi/openmpi-1.8.3/gcc/4.8.2/lib -L/data/apps/gcc/4.8.2/lib/gcc/x86_64-unknown-linux-gnu/4.8.2 -L/data/apps/gcc/4.8.2/lib/gcc/x86_64-unknown-linux-gnu/4.8.2/../../../../lib64 -L/lib/../lib64 -L/usr/lib/../lib64 -L/data/apps/gcc/4.8.2/lib/gcc/x86_64-unknown-linux-gnu/4.8.2/../../.. CMakeFiles/cmTC_a63be.dir/CMakeCXXCompilerABI.cpp.o -rpath /data/apps/mpi/openmpi-1.8.3/gcc/4.8.2/lib --enable-new-dtags -lmpi_cxx -lmpi -lstdc++ -lm -lgcc_s -lgcc -lpthread -lc -lgcc_s -lgcc /data/apps/gcc/4.8.2/lib/gcc/x86_64-unknown-linux-gnu/4.8.2/crtend.o /usr/lib/../lib64/crtn.o
gmake[1]: Leaving directory `/data/users/adasarat/FaceDetectionGPU/FaceDetectionGPU/CMakeFiles/CMakeTmp'


Parsed CXX implicit link information from above output:
  link line regex: [^( *|.*[/\])(ld|([^/\]+-)?ld|collect2)[^/\]*( |$)]
  ignore line: [Change Dir: /data/users/adasarat/FaceDetectionGPU/FaceDetectionGPU/CMakeFiles/CMakeTmp]
  ignore line: []
  ignore line: [Run Build Command:"/usr/bin/gmake" "cmTC_a63be/fast"]
  ignore line: [/usr/bin/gmake -f CMakeFiles/cmTC_a63be.dir/build.make CMakeFiles/cmTC_a63be.dir/build]
  ignore line: [gmake[1]: Entering directory `/data/users/adasarat/FaceDetectionGPU/FaceDetectionGPU/CMakeFiles/CMakeTmp']
  ignore line: [Building CXX object CMakeFiles/cmTC_a63be.dir/CMakeCXXCompilerABI.cpp.o]
  ignore line: [/data/apps/mpi/openmpi-1.8.3/gcc/4.8.2/bin/mpiCC      -o CMakeFiles/cmTC_a63be.dir/CMakeCXXCompilerABI.cpp.o -c /data/apps/cmake/3.6.1/share/cmake-3.6/Modules/CMakeCXXCompilerABI.cpp]
  ignore line: [Linking CXX executable cmTC_a63be]
  ignore line: [/data/apps/cmake/3.6.1/bin/cmake -E cmake_link_script CMakeFiles/cmTC_a63be.dir/link.txt --verbose=1]
  ignore line: [/data/apps/mpi/openmpi-1.8.3/gcc/4.8.2/bin/mpiCC       -L /data/apps/opencv/2.4.9/lib -L/data/apps/cuda/6.0/lib64 -L/data/apps/cuda/6.0/lib -L/data/apps/cuda/5.0/lib64 -L/data/apps/cuda/5.0/lib -L/data/apps/mpi/openmpi-1.8.3/gcc/4.8.2/lib -L/data/apps/gcc/4.8.2/lib64 -L/data/apps/gcc/4.8.2/lib -v CMakeFiles/cmTC_a63be.dir/CMakeCXXCompilerABI.cpp.o  -o cmTC_a63be -rdynamic  ]
  ignore line: [Using built-in specs.]
  ignore line: [COLLECT_GCC=/data/apps/gcc/4.8.2/bin/g++]
  ignore line: [COLLECT_LTO_WRAPPER=/data/apps/gcc/4.8.2/libexec/gcc/x86_64-unknown-linux-gnu/4.8.2/lto-wrapper]
  ignore line: [Target: x86_64-unknown-linux-gnu]
  ignore line: [Configured with: ./configure --with-gmp=/data/apps/gmp/5.1.3 --with-mpfr=/data/apps/mpfr/3.1.2 --with-mpc=/data/apps/mpc-1.0.1 --enable-threads=posix --with-as=/data/apps/binutils/2.23.2/bin/as --mandir=/data/apps/gcc/4.8.2/man --pdfdir=/data/apps/gcc/4.8.2/pdf --htmldir=/data/apps/gcc/4.8.2/html --enable-languages=c,c++,fortran,ada,go,java,lto,objc,obj-c++ --prefix=/data/apps/gcc/4.8.2]
  ignore line: [Thread model: posix]
  ignore line: [gcc version 4.8.2 (GCC) ]
  ignore line: [COMPILER_PATH=/data/apps/gcc/4.8.2/libexec/gcc/x86_64-unknown-linux-gnu/4.8.2/:/data/apps/gcc/4.8.2/libexec/gcc/x86_64-unknown-linux-gnu/4.8.2/:/data/apps/gcc/4.8.2/libexec/gcc/x86_64-unknown-linux-gnu/:/data/apps/gcc/4.8.2/lib/gcc/x86_64-unknown-linux-gnu/4.8.2/:/data/apps/gcc/4.8.2/lib/gcc/x86_64-unknown-linux-gnu/]
  ignore line: [LIBRARY_PATH=/data/apps/gcc/4.8.2/lib/gcc/x86_64-unknown-linux-gnu/4.8.2/:/data/apps/gcc/4.8.2/lib/gcc/x86_64-unknown-linux-gnu/4.8.2/../../../../lib64/:/lib/../lib64/:/usr/lib/../lib64/:/data/apps/gcc/4.8.2/lib/gcc/x86_64-unknown-linux-gnu/4.8.2/../../../:/lib/:/usr/lib/]
  ignore line: [COLLECT_GCC_OPTIONS='-L/data/apps/opencv/2.4.9/lib' '-L/data/apps/cuda/6.0/lib64' '-L/data/apps/cuda/6.0/lib' '-L/data/apps/cuda/5.0/lib64' '-L/data/apps/cuda/5.0/lib' '-L/data/apps/mpi/openmpi-1.8.3/gcc/4.8.2/lib' '-L/data/apps/gcc/4.8.2/lib64' '-L/data/apps/gcc/4.8.2/lib' '-v' '-o' 'cmTC_a63be' '-rdynamic' '-I' '/data/apps/mpi/openmpi-1.8.3/gcc/4.8.2/include' '-pthread' '-L/data/apps/mpi/openmpi-1.8.3/gcc/4.8.2/lib' '-shared-libgcc' '-mtune=generic' '-march=x86-64']
  link line: [ /data/apps/gcc/4.8.2/libexec/gcc/x86_64-unknown-linux-gnu/4.8.2/collect2 --eh-frame-hdr -m elf_x86_64 -export-dynamic -dynamic-linker /lib64/ld-linux-x86-64.so.2 -o cmTC_a63be /usr/lib/../lib64/crt1.o /usr/lib/../lib64/crti.o /data/apps/gcc/4.8.2/lib/gcc/x86_64-unknown-linux-gnu/4.8.2/crtbegin.o -L/data/apps/opencv/2.4.9/lib -L/data/apps/cuda/6.0/lib64 -L/data/apps/cuda/6.0/lib -L/data/apps/cuda/5.0/lib64 -L/data/apps/cuda/5.0/lib -L/data/apps/mpi/openmpi-1.8.3/gcc/4.8.2/lib -L/data/apps/gcc/4.8.2/lib64 -L/data/apps/gcc/4.8.2/lib -L/data/apps/mpi/openmpi-1.8.3/gcc/4.8.2/lib -L/data/apps/gcc/4.8.2/lib/gcc/x86_64-unknown-linux-gnu/4.8.2 -L/data/apps/gcc/4.8.2/lib/gcc/x86_64-unknown-linux-gnu/4.8.2/../../../../lib64 -L/lib/../lib64 -L/usr/lib/../lib64 -L/data/apps/gcc/4.8.2/lib/gcc/x86_64-unknown-linux-gnu/4.8.2/../../.. CMakeFiles/cmTC_a63be.dir/CMakeCXXCompilerABI.cpp.o -rpath /data/apps/mpi/openmpi-1.8.3/gcc/4.8.2/lib --enable-new-dtags -lmpi_cxx -lmpi -lstdc++ -lm -lgcc_s -lgcc -lpthread -lc -lgcc_s -lgcc /data/apps/gcc/4.8.2/lib/gcc/x86_64-unknown-linux-gnu/4.8.2/crtend.o /usr/lib/../lib64/crtn.o]
    arg [/data/apps/gcc/4.8.2/libexec/gcc/x86_64-unknown-linux-gnu/4.8.2/collect2] ==> ignore
    arg [--eh-frame-hdr] ==> ignore
    arg [-m] ==> ignore
    arg [elf_x86_64] ==> ignore
    arg [-export-dynamic] ==> ignore
    arg [-dynamic-linker] ==> ignore
    arg [/lib64/ld-linux-x86-64.so.2] ==> ignore
    arg [-o] ==> ignore
    arg [cmTC_a63be] ==> ignore
    arg [/usr/lib/../lib64/crt1.o] ==> ignore
    arg [/usr/lib/../lib64/crti.o] ==> ignore
    arg [/data/apps/gcc/4.8.2/lib/gcc/x86_64-unknown-linux-gnu/4.8.2/crtbegin.o] ==> ignore
    arg [-L/data/apps/opencv/2.4.9/lib] ==> dir [/data/apps/opencv/2.4.9/lib]
    arg [-L/data/apps/cuda/6.0/lib64] ==> dir [/data/apps/cuda/6.0/lib64]
    arg [-L/data/apps/cuda/6.0/lib] ==> dir [/data/apps/cuda/6.0/lib]
    arg [-L/data/apps/cuda/5.0/lib64] ==> dir [/data/apps/cuda/5.0/lib64]
    arg [-L/data/apps/cuda/5.0/lib] ==> dir [/data/apps/cuda/5.0/lib]
    arg [-L/data/apps/mpi/openmpi-1.8.3/gcc/4.8.2/lib] ==> dir [/data/apps/mpi/openmpi-1.8.3/gcc/4.8.2/lib]
    arg [-L/data/apps/gcc/4.8.2/lib64] ==> dir [/data/apps/gcc/4.8.2/lib64]
    arg [-L/data/apps/gcc/4.8.2/lib] ==> dir [/data/apps/gcc/4.8.2/lib]
    arg [-L/data/apps/mpi/openmpi-1.8.3/gcc/4.8.2/lib] ==> dir [/data/apps/mpi/openmpi-1.8.3/gcc/4.8.2/lib]
    arg [-L/data/apps/gcc/4.8.2/lib/gcc/x86_64-unknown-linux-gnu/4.8.2] ==> dir [/data/apps/gcc/4.8.2/lib/gcc/x86_64-unknown-linux-gnu/4.8.2]
    arg [-L/data/apps/gcc/4.8.2/lib/gcc/x86_64-unknown-linux-gnu/4.8.2/../../../../lib64] ==> dir [/data/apps/gcc/4.8.2/lib/gcc/x86_64-unknown-linux-gnu/4.8.2/../../../../lib64]
    arg [-L/lib/../lib64] ==> dir [/lib/../lib64]
    arg [-L/usr/lib/../lib64] ==> dir [/usr/lib/../lib64]
    arg [-L/data/apps/gcc/4.8.2/lib/gcc/x86_64-unknown-linux-gnu/4.8.2/../../..] ==> dir [/data/apps/gcc/4.8.2/lib/gcc/x86_64-unknown-linux-gnu/4.8.2/../../..]
    arg [CMakeFiles/cmTC_a63be.dir/CMakeCXXCompilerABI.cpp.o] ==> ignore
    arg [-rpath] ==> ignore
    arg [/data/apps/mpi/openmpi-1.8.3/gcc/4.8.2/lib] ==> ignore
    arg [--enable-new-dtags] ==> ignore
    arg [-lmpi_cxx] ==> lib [mpi_cxx]
    arg [-lmpi] ==> lib [mpi]
    arg [-lstdc++] ==> lib [stdc++]
    arg [-lm] ==> lib [m]
    arg [-lgcc_s] ==> lib [gcc_s]
    arg [-lgcc] ==> lib [gcc]
    arg [-lpthread] ==> lib [pthread]
    arg [-lc] ==> lib [c]
    arg [-lgcc_s] ==> lib [gcc_s]
    arg [-lgcc] ==> lib [gcc]
    arg [/data/apps/gcc/4.8.2/lib/gcc/x86_64-unknown-linux-gnu/4.8.2/crtend.o] ==> ignore
    arg [/usr/lib/../lib64/crtn.o] ==> ignore
  remove lib [gcc_s]
  remove lib [gcc]
  remove lib [gcc_s]
  remove lib [gcc]
  collapse library dir [/data/apps/opencv/2.4.9/lib] ==> [/data/apps/opencv/2.4.9/lib]
  collapse library dir [/data/apps/cuda/6.0/lib64] ==> [/data/apps/cuda/6.0/lib64]
  collapse library dir [/data/apps/cuda/6.0/lib] ==> [/data/apps/cuda/6.0/lib]
  collapse library dir [/data/apps/cuda/5.0/lib64] ==> [/data/apps/cuda/5.0/lib64]
  collapse library dir [/data/apps/cuda/5.0/lib] ==> [/data/apps/cuda/5.0/lib]
  collapse library dir [/data/apps/mpi/openmpi-1.8.3/gcc/4.8.2/lib] ==> [/data/apps/mpi/openmpi-1.8.3/gcc/4.8.2/lib]
  collapse library dir [/data/apps/gcc/4.8.2/lib64] ==> [/data/apps/gcc/4.8.2/lib64]
  collapse library dir [/data/apps/gcc/4.8.2/lib] ==> [/data/apps/gcc/4.8.2/lib]
  collapse library dir [/data/apps/mpi/openmpi-1.8.3/gcc/4.8.2/lib] ==> [/data/apps/mpi/openmpi-1.8.3/gcc/4.8.2/lib]
  collapse library dir [/data/apps/gcc/4.8.2/lib/gcc/x86_64-unknown-linux-gnu/4.8.2] ==> [/data/apps/gcc/4.8.2/lib/gcc/x86_64-unknown-linux-gnu/4.8.2]
  collapse library dir [/data/apps/gcc/4.8.2/lib/gcc/x86_64-unknown-linux-gnu/4.8.2/../../../../lib64] ==> [/data/apps/gcc/4.8.2/lib64]
  collapse library dir [/lib/../lib64] ==> [/lib64]
  collapse library dir [/usr/lib/../lib64] ==> [/usr/lib64]
  collapse library dir [/data/apps/gcc/4.8.2/lib/gcc/x86_64-unknown-linux-gnu/4.8.2/../../..] ==> [/data/apps/gcc/4.8.2/lib]
  implicit libs: [mpi_cxx;mpi;stdc++;m;pthread;c]
  implicit dirs: [/data/apps/opencv/2.4.9/lib;/data/apps/cuda/6.0/lib64;/data/apps/cuda/6.0/lib;/data/apps/cuda/5.0/lib64;/data/apps/cuda/5.0/lib;/data/apps/mpi/openmpi-1.8.3/gcc/4.8.2/lib;/data/apps/gcc/4.8.2/lib64;/data/apps/gcc/4.8.2/lib;/data/apps/gcc/4.8.2/lib/gcc/x86_64-unknown-linux-gnu/4.8.2;/lib64;/usr/lib64]
  implicit fwks: []




Detecting CXX [-std=c++1y] compiler features compiled with the following output:
Change Dir: /data/users/adasarat/FaceDetectionGPU/FaceDetectionGPU/CMakeFiles/CMakeTmp

Run Build Command:"/usr/bin/gmake" "cmTC_a8bf0/fast"
/usr/bin/gmake -f CMakeFiles/cmTC_a8bf0.dir/build.make CMakeFiles/cmTC_a8bf0.dir/build
gmake[1]: Entering directory `/data/users/adasarat/FaceDetectionGPU/FaceDetectionGPU/CMakeFiles/CMakeTmp'
Building CXX object CMakeFiles/cmTC_a8bf0.dir/feature_tests.cxx.o
/data/apps/mpi/openmpi-1.8.3/gcc/4.8.2/bin/mpiCC     -std=c++1y -o CMakeFiles/cmTC_a8bf0.dir/feature_tests.cxx.o -c /data/users/adasarat/FaceDetectionGPU/FaceDetectionGPU/CMakeFiles/feature_tests.cxx
Linking CXX executable cmTC_a8bf0
/data/apps/cmake/3.6.1/bin/cmake -E cmake_link_script CMakeFiles/cmTC_a8bf0.dir/link.txt --verbose=1
/data/apps/mpi/openmpi-1.8.3/gcc/4.8.2/bin/mpiCC       -L /data/apps/opencv/2.4.9/lib -L/data/apps/cuda/6.0/lib64 -L/data/apps/cuda/6.0/lib -L/data/apps/cuda/5.0/lib64 -L/data/apps/cuda/5.0/lib -L/data/apps/mpi/openmpi-1.8.3/gcc/4.8.2/lib -L/data/apps/gcc/4.8.2/lib64 -L/data/apps/gcc/4.8.2/lib  CMakeFiles/cmTC_a8bf0.dir/feature_tests.cxx.o  -o cmTC_a8bf0 -rdynamic 
gmake[1]: Leaving directory `/data/users/adasarat/FaceDetectionGPU/FaceDetectionGPU/CMakeFiles/CMakeTmp'


    Feature record: CXX_FEATURE:0cxx_aggregate_default_initializers
    Feature record: CXX_FEATURE:1cxx_alias_templates
    Feature record: CXX_FEATURE:1cxx_alignas
    Feature record: CXX_FEATURE:1cxx_alignof
    Feature record: CXX_FEATURE:1cxx_attributes
    Feature record: CXX_FEATURE:0cxx_attribute_deprecated
    Feature record: CXX_FEATURE:1cxx_auto_type
    Feature record: CXX_FEATURE:0cxx_binary_literals
    Feature record: CXX_FEATURE:1cxx_constexpr
    Feature record: CXX_FEATURE:0cxx_contextual_conversions
    Feature record: CXX_FEATURE:1cxx_decltype
    Feature record: CXX_FEATURE:0cxx_decltype_auto
    Feature record: CXX_FEATURE:1cxx_decltype_incomplete_return_types
    Feature record: CXX_FEATURE:1cxx_default_function_template_args
    Feature record: CXX_FEATURE:1cxx_defaulted_functions
    Feature record: CXX_FEATURE:1cxx_defaulted_move_initializers
    Feature record: CXX_FEATURE:1cxx_delegating_constructors
    Feature record: CXX_FEATURE:1cxx_deleted_functions
    Feature record: CXX_FEATURE:0cxx_digit_separators
    Feature record: CXX_FEATURE:1cxx_enum_forward_declarations
    Feature record: CXX_FEATURE:1cxx_explicit_conversions
    Feature record: CXX_FEATURE:1cxx_extended_friend_declarations
    Feature record: CXX_FEATURE:1cxx_extern_templates
    Feature record: CXX_FEATURE:1cxx_final
    Feature record: CXX_FEATURE:1cxx_func_identifier
    Feature record: CXX_FEATURE:1cxx_generalized_initializers
    Feature record: CXX_FEATURE:0cxx_generic_lambdas
    Feature record: CXX_FEATURE:1cxx_inheriting_constructors
    Feature record: CXX_FEATURE:1cxx_inline_namespaces
    Feature record: CXX_FEATURE:1cxx_lambdas
    Feature record: CXX_FEATURE:0cxx_lambda_init_captures
    Feature record: CXX_FEATURE:1cxx_local_type_template_args
    Feature record: CXX_FEATURE:1cxx_long_long_type
    Feature record: CXX_FEATURE:1cxx_noexcept
    Feature record: CXX_FEATURE:1cxx_nonstatic_member_init
    Feature record: CXX_FEATURE:1cxx_nullptr
    Feature record: CXX_FEATURE:1cxx_override
    Feature record: CXX_FEATURE:1cxx_range_for
    Feature record: CXX_FEATURE:1cxx_raw_string_literals
    Feature record: CXX_FEATURE:1cxx_reference_qualified_functions
    Feature record: CXX_FEATURE:0cxx_relaxed_constexpr
    Feature record: CXX_FEATURE:0cxx_return_type_deduction
    Feature record: CXX_FEATURE:1cxx_right_angle_brackets
    Feature record: CXX_FEATURE:1cxx_rvalue_references
    Feature record: CXX_FEATURE:1cxx_sizeof_member
    Feature record: CXX_FEATURE:1cxx_static_assert
    Feature record: CXX_FEATURE:1cxx_strong_enums
    Feature record: CXX_FEATURE:1cxx_template_template_parameters
    Feature record: CXX_FEATURE:1cxx_thread_local
    Feature record: CXX_FEATURE:1cxx_trailing_return_types
    Feature record: CXX_FEATURE:1cxx_unicode_literals
    Feature record: CXX_FEATURE:1cxx_uniform_initialization
    Feature record: CXX_FEATURE:1cxx_unrestricted_unions
    Feature record: CXX_FEATURE:1cxx_user_literals
    Feature record: CXX_FEATURE:0cxx_variable_templates
    Feature record: CXX_FEATURE:1cxx_variadic_macros
    Feature record: CXX_FEATURE:1cxx_variadic_templates


Detecting CXX [-std=c++11] compiler features compiled with the following output:
Change Dir: /data/users/adasarat/FaceDetectionGPU/FaceDetectionGPU/CMakeFiles/CMakeTmp

Run Build Command:"/usr/bin/gmake" "cmTC_b5ee6/fast"
/usr/bin/gmake -f CMakeFiles/cmTC_b5ee6.dir/build.make CMakeFiles/cmTC_b5ee6.dir/build
gmake[1]: Entering directory `/data/users/adasarat/FaceDetectionGPU/FaceDetectionGPU/CMakeFiles/CMakeTmp'
Building CXX object CMakeFiles/cmTC_b5ee6.dir/feature_tests.cxx.o
/data/apps/mpi/openmpi-1.8.3/gcc/4.8.2/bin/mpiCC     -std=c++11 -o CMakeFiles/cmTC_b5ee6.dir/feature_tests.cxx.o -c /data/users/adasarat/FaceDetectionGPU/FaceDetectionGPU/CMakeFiles/feature_tests.cxx
Linking CXX executable cmTC_b5ee6
/data/apps/cmake/3.6.1/bin/cmake -E cmake_link_script CMakeFiles/cmTC_b5ee6.dir/link.txt --verbose=1
/data/apps/mpi/openmpi-1.8.3/gcc/4.8.2/bin/mpiCC       -L /data/apps/opencv/2.4.9/lib -L/data/apps/cuda/6.0/lib64 -L/data/apps/cuda/6.0/lib -L/data/apps/cuda/5.0/lib64 -L/data/apps/cuda/5.0/lib -L/data/apps/mpi/openmpi-1.8.3/gcc/4.8.2/lib -L/data/apps/gcc/4.8.2/lib64 -L/data/apps/gcc/4.8.2/lib  CMakeFiles/cmTC_b5ee6.dir/feature_tests.cxx.o  -o cmTC_b5ee6 -rdynamic 
gmake[1]: Leaving directory `/data/users/adasarat/FaceDetectionGPU/FaceDetectionGPU/CMakeFiles/CMakeTmp'


    Feature record: CXX_FEATURE:0cxx_aggregate_default_initializers
    Feature record: CXX_FEATURE:1cxx_alias_templates
    Feature record: CXX_FEATURE:1cxx_alignas
    Feature record: CXX_FEATURE:1cxx_alignof
    Feature record: CXX_FEATURE:1cxx_attributes
    Feature record: CXX_FEATURE:0cxx_attribute_deprecated
    Feature record: CXX_FEATURE:1cxx_auto_type
    Feature record: CXX_FEATURE:0cxx_binary_literals
    Feature record: CXX_FEATURE:1cxx_constexpr
    Feature record: CXX_FEATURE:0cxx_contextual_conversions
    Feature record: CXX_FEATURE:1cxx_decltype
    Feature record: CXX_FEATURE:0cxx_decltype_auto
    Feature record: CXX_FEATURE:1cxx_decltype_incomplete_return_types
    Feature record: CXX_FEATURE:1cxx_default_function_template_args
    Feature record: CXX_FEATURE:1cxx_defaulted_functions
    Feature record: CXX_FEATURE:1cxx_defaulted_move_initializers
    Feature record: CXX_FEATURE:1cxx_delegating_constructors
    Feature record: CXX_FEATURE:1cxx_deleted_functions
    Feature record: CXX_FEATURE:0cxx_digit_separators
    Feature record: CXX_FEATURE:1cxx_enum_forward_declarations
    Feature record: CXX_FEATURE:1cxx_explicit_conversions
    Feature record: CXX_FEATURE:1cxx_extended_friend_declarations
    Feature record: CXX_FEATURE:1cxx_extern_templates
    Feature record: CXX_FEATURE:1cxx_final
    Feature record: CXX_FEATURE:1cxx_func_identifier
    Feature record: CXX_FEATURE:1cxx_generalized_initializers
    Feature record: CXX_FEATURE:0cxx_generic_lambdas
    Feature record: CXX_FEATURE:1cxx_inheriting_constructors
    Feature record: CXX_FEATURE:1cxx_inline_namespaces
    Feature record: CXX_FEATURE:1cxx_lambdas
    Feature record: CXX_FEATURE:0cxx_lambda_init_captures
    Feature record: CXX_FEATURE:1cxx_local_type_template_args
    Feature record: CXX_FEATURE:1cxx_long_long_type
    Feature record: CXX_FEATURE:1cxx_noexcept
    Feature record: CXX_FEATURE:1cxx_nonstatic_member_init
    Feature record: CXX_FEATURE:1cxx_nullptr
    Feature record: CXX_FEATURE:1cxx_override
    Feature record: CXX_FEATURE:1cxx_range_for
    Feature record: CXX_FEATURE:1cxx_raw_string_literals
    Feature record: CXX_FEATURE:1cxx_reference_qualified_functions
    Feature record: CXX_FEATURE:0cxx_relaxed_constexpr
    Feature record: CXX_FEATURE:0cxx_return_type_deduction
    Feature record: CXX_FEATURE:1cxx_right_angle_brackets
    Feature record: CXX_FEATURE:1cxx_rvalue_references
    Feature record: CXX_FEATURE:1cxx_sizeof_member
    Feature record: CXX_FEATURE:1cxx_static_assert
    Feature record: CXX_FEATURE:1cxx_strong_enums
    Feature record: CXX_FEATURE:1cxx_template_template_parameters
    Feature record: CXX_FEATURE:1cxx_thread_local
    Feature record: CXX_FEATURE:1cxx_trailing_return_types
    Feature record: CXX_FEATURE:1cxx_unicode_literals
    Feature record: CXX_FEATURE:1cxx_uniform_initialization
    Feature record: CXX_FEATURE:1cxx_unrestricted_unions
    Feature record: CXX_FEATURE:1cxx_user_literals
    Feature record: CXX_FEATURE:0cxx_variable_templates
    Feature record: CXX_FEATURE:1cxx_variadic_macros
    Feature record: CXX_FEATURE:1cxx_variadic_templates


Detecting CXX [-std=c++98] compiler features compiled with the following output:
Change Dir: /data/users/adasarat/FaceDetectionGPU/FaceDetectionGPU/CMakeFiles/CMakeTmp

Run Build Command:"/usr/bin/gmake" "cmTC_15872/fast"
/usr/bin/gmake -f CMakeFiles/cmTC_15872.dir/build.make CMakeFiles/cmTC_15872.dir/build
gmake[1]: Entering directory `/data/users/adasarat/FaceDetectionGPU/FaceDetectionGPU/CMakeFiles/CMakeTmp'
Building CXX object CMakeFiles/cmTC_15872.dir/feature_tests.cxx.o
/data/apps/mpi/openmpi-1.8.3/gcc/4.8.2/bin/mpiCC     -std=c++98 -o CMakeFiles/cmTC_15872.dir/feature_tests.cxx.o -c /data/users/adasarat/FaceDetectionGPU/FaceDetectionGPU/CMakeFiles/feature_tests.cxx
Linking CXX executable cmTC_15872
/data/apps/cmake/3.6.1/bin/cmake -E cmake_link_script CMakeFiles/cmTC_15872.dir/link.txt --verbose=1
/data/apps/mpi/openmpi-1.8.3/gcc/4.8.2/bin/mpiCC       -L /data/apps/opencv/2.4.9/lib -L/data/apps/cuda/6.0/lib64 -L/data/apps/cuda/6.0/lib -L/data/apps/cuda/5.0/lib64 -L/data/apps/cuda/5.0/lib -L/data/apps/mpi/openmpi-1.8.3/gcc/4.8.2/lib -L/data/apps/gcc/4.8.2/lib64 -L/data/apps/gcc/4.8.2/lib  CMakeFiles/cmTC_15872.dir/feature_tests.cxx.o  -o cmTC_15872 -rdynamic 
gmake[1]: Leaving directory `/data/users/adasarat/FaceDetectionGPU/FaceDetectionGPU/CMakeFiles/CMakeTmp'


    Feature record: CXX_FEATURE:0cxx_aggregate_default_initializers
    Feature record: CXX_FEATURE:0cxx_alias_templates
    Feature record: CXX_FEATURE:0cxx_alignas
    Feature record: CXX_FEATURE:0cxx_alignof
    Feature record: CXX_FEATURE:0cxx_attributes
    Feature record: CXX_FEATURE:0cxx_attribute_deprecated
    Feature record: CXX_FEATURE:0cxx_auto_type
    Feature record: CXX_FEATURE:0cxx_binary_literals
    Feature record: CXX_FEATURE:0cxx_constexpr
    Feature record: CXX_FEATURE:0cxx_contextual_conversions
    Feature record: CXX_FEATURE:0cxx_decltype
    Feature record: CXX_FEATURE:0cxx_decltype_auto
    Feature record: CXX_FEATURE:0cxx_decltype_incomplete_return_types
    Feature record: CXX_FEATURE:0cxx_default_function_template_args
    Feature record: CXX_FEATURE:0cxx_defaulted_functions
    Feature record: CXX_FEATURE:0cxx_defaulted_move_initializers
    Feature record: CXX_FEATURE:0cxx_delegating_constructors
    Feature record: CXX_FEATURE:0cxx_deleted_functions
    Feature record: CXX_FEATURE:0cxx_digit_separators
    Feature record: CXX_FEATURE:0cxx_enum_forward_declarations
    Feature record: CXX_FEATURE:0cxx_explicit_conversions
    Feature record: CXX_FEATURE:0cxx_extended_friend_declarations
    Feature record: CXX_FEATURE:0cxx_extern_templates
    Feature record: CXX_FEATURE:0cxx_final
    Feature record: CXX_FEATURE:0cxx_func_identifier
    Feature record: CXX_FEATURE:0cxx_generalized_initializers
    Feature record: CXX_FEATURE:0cxx_generic_lambdas
    Feature record: CXX_FEATURE:0cxx_inheriting_constructors
    Feature record: CXX_FEATURE:0cxx_inline_namespaces
    Feature record: CXX_FEATURE:0cxx_lambdas
    Feature record: CXX_FEATURE:0cxx_lambda_init_captures
    Feature record: CXX_FEATURE:0cxx_local_type_template_args
    Feature record: CXX_FEATURE:0cxx_long_long_type
    Feature record: CXX_FEATURE:0cxx_noexcept
    Feature record: CXX_FEATURE:0cxx_nonstatic_member_init
    Feature record: CXX_FEATURE:0cxx_nullptr
    Feature record: CXX_FEATURE:0cxx_override
    Feature record: CXX_FEATURE:0cxx_range_for
    Feature record: CXX_FEATURE:0cxx_raw_string_literals
    Feature record: CXX_FEATURE:0cxx_reference_qualified_functions
    Feature record: CXX_FEATURE:0cxx_relaxed_constexpr
    Feature record: CXX_FEATURE:0cxx_return_type_deduction
    Feature record: CXX_FEATURE:0cxx_right_angle_brackets
    Feature record: CXX_FEATURE:0cxx_rvalue_references
    Feature record: CXX_FEATURE:0cxx_sizeof_member
    Feature record: CXX_FEATURE:0cxx_static_assert
    Feature record: CXX_FEATURE:0cxx_strong_enums
    Feature record: CXX_FEATURE:1cxx_template_template_parameters
    Feature record: CXX_FEATURE:0cxx_thread_local
    Feature record: CXX_FEATURE:0cxx_trailing_return_types
    Feature record: CXX_FEATURE:0cxx_unicode_literals
    Feature record: CXX_FEATURE:0cxx_uniform_initialization
    Feature record: CXX_FEATURE:0cxx_unrestricted_unions
    Feature record: CXX_FEATURE:0cxx_user_literals
    Feature record: CXX_FEATURE:0cxx_variable_templates
    Feature record: CXX_FEATURE:0cxx_variadic_macros
    Feature record: CXX_FEATURE:0cxx_variadic_templates
Determining if the include file pthread.h exists passed with the following output:
Change Dir: /data/users/adasarat/FaceDetectionGPU/FaceDetectionGPU/CMakeFiles/CMakeTmp

Run Build Command:"/usr/bin/gmake" "cmTC_de0f4/fast"
/usr/bin/gmake -f CMakeFiles/cmTC_de0f4.dir/build.make CMakeFiles/cmTC_de0f4.dir/build
gmake[1]: Entering directory `/data/users/adasarat/FaceDetectionGPU/FaceDetectionGPU/CMakeFiles/CMakeTmp'
Building C object CMakeFiles/cmTC_de0f4.dir/CheckIncludeFile.c.o
/data/apps/mpi/openmpi-1.8.3/gcc/4.8.2/bin/mpicc    -fPIC    -o CMakeFiles/cmTC_de0f4.dir/CheckIncludeFile.c.o   -c /data/users/adasarat/FaceDetectionGPU/FaceDetectionGPU/CMakeFiles/CMakeTmp/CheckIncludeFile.c
Linking C executable cmTC_de0f4
/data/apps/cmake/3.6.1/bin/cmake -E cmake_link_script CMakeFiles/cmTC_de0f4.dir/link.txt --verbose=1
/data/apps/mpi/openmpi-1.8.3/gcc/4.8.2/bin/mpicc  -fPIC    -L /data/apps/opencv/2.4.9/lib -L/data/apps/cuda/6.0/lib64 -L/data/apps/cuda/6.0/lib -L/data/apps/cuda/5.0/lib64 -L/data/apps/cuda/5.0/lib -L/data/apps/mpi/openmpi-1.8.3/gcc/4.8.2/lib -L/data/apps/gcc/4.8.2/lib64 -L/data/apps/gcc/4.8.2/lib  CMakeFiles/cmTC_de0f4.dir/CheckIncludeFile.c.o  -o cmTC_de0f4 -rdynamic 
gmake[1]: Leaving directory `/data/users/adasarat/FaceDetectionGPU/FaceDetectionGPU/CMakeFiles/CMakeTmp'


Determining if the pthread_create exist passed with the following output:
Change Dir: /data/users/adasarat/FaceDetectionGPU/FaceDetectionGPU/CMakeFiles/CMakeTmp

Run Build Command:"/usr/bin/gmake" "cmTC_0b311/fast"
/usr/bin/gmake -f CMakeFiles/cmTC_0b311.dir/build.make CMakeFiles/cmTC_0b311.dir/build
gmake[1]: Entering directory `/data/users/adasarat/FaceDetectionGPU/FaceDetectionGPU/CMakeFiles/CMakeTmp'
Building C object CMakeFiles/cmTC_0b311.dir/CheckSymbolExists.c.o
/data/apps/mpi/openmpi-1.8.3/gcc/4.8.2/bin/mpicc    -fPIC    -o CMakeFiles/cmTC_0b311.dir/CheckSymbolExists.c.o   -c /data/users/adasarat/FaceDetectionGPU/FaceDetectionGPU/CMakeFiles/CMakeTmp/CheckSymbolExists.c
Linking C executable cmTC_0b311
/data/apps/cmake/3.6.1/bin/cmake -E cmake_link_script CMakeFiles/cmTC_0b311.dir/link.txt --verbose=1
/data/apps/mpi/openmpi-1.8.3/gcc/4.8.2/bin/mpicc  -fPIC    -L /data/apps/opencv/2.4.9/lib -L/data/apps/cuda/6.0/lib64 -L/data/apps/cuda/6.0/lib -L/data/apps/cuda/5.0/lib64 -L/data/apps/cuda/5.0/lib -L/data/apps/mpi/openmpi-1.8.3/gcc/4.8.2/lib -L/data/apps/gcc/4.8.2/lib64 -L/data/apps/gcc/4.8.2/lib  CMakeFiles/cmTC_0b311.dir/CheckSymbolExists.c.o  -o cmTC_0b311 -rdynamic 
gmake[1]: Leaving directory `/data/users/adasarat/FaceDetectionGPU/FaceDetectionGPU/CMakeFiles/CMakeTmp'

File /data/users/adasarat/FaceDetectionGPU/FaceDetectionGPU/CMakeFiles/CMakeTmp/CheckSymbolExists.c:
/* */
#include <pthread.h>

int main(int argc, char** argv)
{
  (void)argv;
#ifndef pthread_create
  return ((int*)(&pthread_create))[argc];
#else
  (void)argc;
  return 0;
#endif
}

Determining if the include file pthread.h exists passed with the following output:
Change Dir: /data/users/adasarat/parallel-faceRecognition/face-detection/CMakeFiles/CMakeTmp

Run Build Command:"/usr/bin/gmake" "cmTC_2b35b/fast"
/usr/bin/gmake -f CMakeFiles/cmTC_2b35b.dir/build.make CMakeFiles/cmTC_2b35b.dir/build
gmake[1]: Entering directory `/data/users/adasarat/parallel-faceRecognition/face-detection/CMakeFiles/CMakeTmp'
Building C object CMakeFiles/cmTC_2b35b.dir/CheckIncludeFile.c.o
/data/apps/mpi/openmpi-1.8.3/gcc/4.8.2/bin/mpicc    -fPIC    -o CMakeFiles/cmTC_2b35b.dir/CheckIncludeFile.c.o   -c /data/users/adasarat/parallel-faceRecognition/face-detection/CMakeFiles/CMakeTmp/CheckIncludeFile.c
Linking C executable cmTC_2b35b
/data/apps/cmake/3.6.1/bin/cmake -E cmake_link_script CMakeFiles/cmTC_2b35b.dir/link.txt --verbose=1
/data/apps/mpi/openmpi-1.8.3/gcc/4.8.2/bin/mpicc  -fPIC    -L /data/apps/opencv/2.4.9/lib -L/data/apps/cuda/6.0/lib64 -L/data/apps/cuda/6.0/lib -L/data/apps/mpi/openmpi-1.8.3/gcc/4.8.2/lib -L/data/apps/gcc/4.8.2/lib64 -L/data/apps/gcc/4.8.2/lib  CMakeFiles/cmTC_2b35b.dir/CheckIncludeFile.c.o  -o cmTC_2b35b -rdynamic 
gmake[1]: Leaving directory `/data/users/adasarat/parallel-faceRecognition/face-detection/CMakeFiles/CMakeTmp'


Determining if the pthread_create exist passed with the following output:
Change Dir: /data/users/adasarat/parallel-faceRecognition/face-detection/CMakeFiles/CMakeTmp

Run Build Command:"/usr/bin/gmake" "cmTC_8bf2f/fast"
/usr/bin/gmake -f CMakeFiles/cmTC_8bf2f.dir/build.make CMakeFiles/cmTC_8bf2f.dir/build
gmake[1]: Entering directory `/data/users/adasarat/parallel-faceRecognition/face-detection/CMakeFiles/CMakeTmp'
Building C object CMakeFiles/cmTC_8bf2f.dir/CheckSymbolExists.c.o
/data/apps/mpi/openmpi-1.8.3/gcc/4.8.2/bin/mpicc    -fPIC    -o CMakeFiles/cmTC_8bf2f.dir/CheckSymbolExists.c.o   -c /data/users/adasarat/parallel-faceRecognition/face-detection/CMakeFiles/CMakeTmp/CheckSymbolExists.c
Linking C executable cmTC_8bf2f
/data/apps/cmake/3.6.1/bin/cmake -E cmake_link_script CMakeFiles/cmTC_8bf2f.dir/link.txt --verbose=1
/data/apps/mpi/openmpi-1.8.3/gcc/4.8.2/bin/mpicc  -fPIC    -L /data/apps/opencv/2.4.9/lib -L/data/apps/cuda/6.0/lib64 -L/data/apps/cuda/6.0/lib -L/data/apps/mpi/openmpi-1.8.3/gcc/4.8.2/lib -L/data/apps/gcc/4.8.2/lib64 -L/data/apps/gcc/4.8.2/lib  CMakeFiles/cmTC_8bf2f.dir/CheckSymbolExists.c.o  -o cmTC_8bf2f -rdynamic 
gmake[1]: Leaving directory `/data/users/adasarat/parallel-faceRecognition/face-detection/CMakeFiles/CMakeTmp'

File /data/users/adasarat/parallel-faceRecognition/face-detection/CMakeFiles/CMakeTmp/CheckSymbolExists.c:
/* */
#include <pthread.h>

int main(int argc, char** argv)
{
  (void)argv;
#ifndef pthread_create
  return ((int*)(&pthread_create))[argc];
#else
  (void)argc;
  return 0;
#endif
}

